09:40:00,122 INFO  [Server] Starting JBoss (MX MicroKernel)...
09:40:00,122 INFO  [Server] Release ID: JBoss [Trinity] 4.2.3.GA (build: SVNTag=JBoss_4_2_3_GA date=200807181439)
09:40:00,123 DEBUG [Server] Using config: org.jboss.system.server.ServerConfigImpl@665b9e4
09:40:00,123 DEBUG [Server] Server type: class org.jboss.system.server.ServerImpl
09:40:00,123 DEBUG [Server] Server loaded through: org.jboss.system.server.NoAnnotationURLClassLoader
09:40:00,123 DEBUG [Server] Boot URLs:
09:40:00,123 DEBUG [Server]   file:/home/capdev/workspace/capdev/CAPServer2.0/dbase/dcm4chee/dcm4chee-2.18.1-mysql/lib/endorsed/jaxb-api.jar
09:40:00,123 DEBUG [Server]   file:/home/capdev/workspace/capdev/CAPServer2.0/dbase/dcm4chee/dcm4chee-2.18.1-mysql/lib/endorsed/jboss-jaxws-ext.jar
09:40:00,123 DEBUG [Server]   file:/home/capdev/workspace/capdev/CAPServer2.0/dbase/dcm4chee/dcm4chee-2.18.1-mysql/lib/endorsed/xercesImpl.jar
09:40:00,123 DEBUG [Server]   file:/home/capdev/workspace/capdev/CAPServer2.0/dbase/dcm4chee/dcm4chee-2.18.1-mysql/lib/endorsed/jboss-jaxrpc.jar
09:40:00,123 DEBUG [Server]   file:/home/capdev/workspace/capdev/CAPServer2.0/dbase/dcm4chee/dcm4chee-2.18.1-mysql/lib/endorsed/jboss-jaxws.jar
09:40:00,123 DEBUG [Server]   file:/home/capdev/workspace/capdev/CAPServer2.0/dbase/dcm4chee/dcm4chee-2.18.1-mysql/lib/endorsed/serializer.jar
09:40:00,123 DEBUG [Server]   file:/home/capdev/workspace/capdev/CAPServer2.0/dbase/dcm4chee/dcm4chee-2.18.1-mysql/lib/endorsed/jboss-saaj.jar
09:40:00,123 DEBUG [Server]   file:/home/capdev/workspace/capdev/CAPServer2.0/dbase/dcm4chee/dcm4chee-2.18.1-mysql/lib/endorsed/xalan.jar
09:40:00,123 DEBUG [Server]   file:/home/capdev/workspace/capdev/CAPServer2.0/dbase/dcm4chee/dcm4chee-2.18.1-mysql/lib/jboss-jmx.jar
09:40:00,123 DEBUG [Server]   file:/home/capdev/workspace/capdev/CAPServer2.0/dbase/dcm4chee/dcm4chee-2.18.1-mysql/lib/concurrent.jar
09:40:00,123 DEBUG [Server]   file:/home/capdev/workspace/capdev/CAPServer2.0/dbase/dcm4chee/dcm4chee-2.18.1-mysql/lib/log4j-boot.jar
09:40:00,123 DEBUG [Server]   file:/home/capdev/workspace/capdev/CAPServer2.0/dbase/dcm4chee/dcm4chee-2.18.1-mysql/lib/jboss-common.jar
09:40:00,123 DEBUG [Server]   file:/home/capdev/workspace/capdev/CAPServer2.0/dbase/dcm4chee/dcm4chee-2.18.1-mysql/lib/jboss-system.jar
09:40:00,123 DEBUG [Server]   file:/home/capdev/workspace/capdev/CAPServer2.0/dbase/dcm4chee/dcm4chee-2.18.1-mysql/lib/jboss-xml-binding.jar
09:40:00,123 INFO  [Server] Home Dir: /home/capdev/workspace/capdev/CAPServer2.0/dbase/dcm4chee/dcm4chee-2.18.1-mysql
09:40:00,123 INFO  [Server] Home URL: file:/home/capdev/workspace/capdev/CAPServer2.0/dbase/dcm4chee/dcm4chee-2.18.1-mysql/
09:40:00,123 DEBUG [Server] Library URL: file:/home/capdev/workspace/capdev/CAPServer2.0/dbase/dcm4chee/dcm4chee-2.18.1-mysql/lib/
09:40:00,123 INFO  [Server] Patch URL: null
09:40:00,123 INFO  [Server] Server Name: default
09:40:00,123 INFO  [Server] Server Home Dir: /home/capdev/workspace/capdev/CAPServer2.0/dbase/dcm4chee/dcm4chee-2.18.1-mysql/server/default
09:40:00,123 INFO  [Server] Server Home URL: file:/home/capdev/workspace/capdev/CAPServer2.0/dbase/dcm4chee/dcm4chee-2.18.1-mysql/server/default/
09:40:00,123 INFO  [Server] Server Log Dir: /home/capdev/workspace/capdev/CAPServer2.0/dbase/dcm4chee/dcm4chee-2.18.1-mysql/server/default/log
09:40:00,123 DEBUG [Server] Server Data Dir: /home/capdev/workspace/capdev/CAPServer2.0/dbase/dcm4chee/dcm4chee-2.18.1-mysql/server/default/data
09:40:00,123 INFO  [Server] Server Temp Dir: /home/capdev/workspace/capdev/CAPServer2.0/dbase/dcm4chee/dcm4chee-2.18.1-mysql/server/default/tmp
09:40:00,124 DEBUG [Server] Server Config URL: file:/home/capdev/workspace/capdev/CAPServer2.0/dbase/dcm4chee/dcm4chee-2.18.1-mysql/server/default/conf/
09:40:00,124 DEBUG [Server] Server Library URL: file:/home/capdev/workspace/capdev/CAPServer2.0/dbase/dcm4chee/dcm4chee-2.18.1-mysql/server/default/lib/
09:40:00,124 INFO  [Server] Root Deployment Filename: jboss-service.xml
09:40:00,125 DEBUG [Server] Starting General Purpose Architecture (GPA)...
09:40:00,178 DEBUG [Server] Created MBeanServer: org.jboss.mx.server.MBeanServerImpl@566184e9[ defaultDomain='jboss' ]
09:40:00,186 DEBUG [Server] Boot url list: [file:/home/capdev/workspace/capdev/CAPServer2.0/dbase/dcm4chee/dcm4chee-2.18.1-mysql/server/default/conf/]
09:40:00,186 DEBUG [Server] Creating loader for URL: file:/home/capdev/workspace/capdev/CAPServer2.0/dbase/dcm4chee/dcm4chee-2.18.1-mysql/server/default/conf/
09:40:00,188 DEBUG [RepositoryClassLoader] setRepository, repository=org.jboss.mx.loading.UnifiedLoaderRepository3@836f392, cl=org.jboss.mx.loading.UnifiedClassLoader3@721416a3{ url=file:/home/capdev/workspace/capdev/CAPServer2.0/dbase/dcm4chee/dcm4chee-2.18.1-mysql/server/default/conf/ ,addedOrder=0}
09:40:00,188 DEBUG [RepositoryClassLoader] setRepository, repository=org.jboss.mx.loading.UnifiedLoaderRepository3@836f392, cl=org.jboss.mx.loading.UnifiedClassLoader3@721416a3{ url=file:/home/capdev/workspace/capdev/CAPServer2.0/dbase/dcm4chee/dcm4chee-2.18.1-mysql/server/default/conf/ ,addedOrder=0}
09:40:00,188 DEBUG [UnifiedLoaderRepository3] Adding org.jboss.mx.loading.UnifiedClassLoader3@721416a3{ url=file:/home/capdev/workspace/capdev/CAPServer2.0/dbase/dcm4chee/dcm4chee-2.18.1-mysql/server/default/conf/ ,addedOrder=0}
09:40:00,241 DEBUG [Server] Failed to create xmbean for: org.jboss.system.server.ServerInfo
09:40:00,244 INFO  [ServerInfo] Java version: 1.8.0_131,Oracle Corporation
09:40:00,244 INFO  [ServerInfo] Java VM: OpenJDK 64-Bit Server VM 25.131-b11,Oracle Corporation
09:40:00,244 INFO  [ServerInfo] OS-System: Linux 4.8.0-58-generic,amd64
09:40:00,244 DEBUG [ServerInfo] Full System Properties Dump
09:40:00,244 DEBUG [ServerInfo]     java.vendor: Oracle Corporation
09:40:00,244 DEBUG [ServerInfo]     sun.java.launcher: SUN_STANDARD
09:40:00,244 DEBUG [ServerInfo]     sun.management.compiler: HotSpot 64-Bit Tiered Compilers
09:40:00,244 DEBUG [ServerInfo]     os.name: Linux
09:40:00,244 DEBUG [ServerInfo]     sun.boot.class.path: /home/capdev/workspace/capdev/CAPServer2.0/dbase/dcm4chee/dcm4chee-2.18.1-mysql/lib/endorsed/jaxb-api.jar:/home/capdev/workspace/capdev/CAPServer2.0/dbase/dcm4chee/dcm4chee-2.18.1-mysql/lib/endorsed/jboss-jaxws-ext.jar:/home/capdev/workspace/capdev/CAPServer2.0/dbase/dcm4chee/dcm4chee-2.18.1-mysql/lib/endorsed/xercesImpl.jar:/home/capdev/workspace/capdev/CAPServer2.0/dbase/dcm4chee/dcm4chee-2.18.1-mysql/lib/endorsed/jboss-jaxrpc.jar:/home/capdev/workspace/capdev/CAPServer2.0/dbase/dcm4chee/dcm4chee-2.18.1-mysql/lib/endorsed/jboss-jaxws.jar:/home/capdev/workspace/capdev/CAPServer2.0/dbase/dcm4chee/dcm4chee-2.18.1-mysql/lib/endorsed/serializer.jar:/home/capdev/workspace/capdev/CAPServer2.0/dbase/dcm4chee/dcm4chee-2.18.1-mysql/lib/endorsed/jboss-saaj.jar:/home/capdev/workspace/capdev/CAPServer2.0/dbase/dcm4chee/dcm4chee-2.18.1-mysql/lib/endorsed/xalan.jar:/usr/lib/jvm/java-8-openjdk-amd64/jre/lib/resources.jar:/usr/lib/jvm/java-8-openjdk-amd64/jre/lib/rt.jar:/usr/lib/jvm/java-8-openjdk-amd64/jre/lib/sunrsasign.jar:/usr/lib/jvm/java-8-openjdk-amd64/jre/lib/jsse.jar:/usr/lib/jvm/java-8-openjdk-amd64/jre/lib/jce.jar:/usr/lib/jvm/java-8-openjdk-amd64/jre/lib/charsets.jar:/usr/lib/jvm/java-8-openjdk-amd64/jre/lib/jfr.jar:/usr/lib/jvm/java-8-openjdk-amd64/jre/classes
09:40:00,245 DEBUG [ServerInfo]     sun.desktop: gnome
09:40:00,245 DEBUG [ServerInfo]     java.vm.specification.vendor: Oracle Corporation
09:40:00,245 DEBUG [ServerInfo]     java.runtime.version: 1.8.0_131-8u131-b11-0ubuntu1.16.04.2-b11
09:40:00,245 DEBUG [ServerInfo]     user.name: capdev
09:40:00,245 DEBUG [ServerInfo]     jboss.bind.address: 0.0.0.0
09:40:00,245 DEBUG [ServerInfo]     jboss.home.dir: /home/capdev/workspace/capdev/CAPServer2.0/dbase/dcm4chee/dcm4chee-2.18.1-mysql
09:40:00,245 DEBUG [ServerInfo]     user.language: en
09:40:00,245 DEBUG [ServerInfo]     jboss.messaging.ServerPeerID: 0
09:40:00,245 DEBUG [ServerInfo]     sun.boot.library.path: /usr/lib/jvm/java-8-openjdk-amd64/jre/lib/amd64
09:40:00,245 DEBUG [ServerInfo]     jboss.home.url: file:/home/capdev/workspace/capdev/CAPServer2.0/dbase/dcm4chee/dcm4chee-2.18.1-mysql/
09:40:00,245 DEBUG [ServerInfo]     java.version: 1.8.0_131
09:40:00,245 DEBUG [ServerInfo]     user.timezone: America/Los_Angeles
09:40:00,245 DEBUG [ServerInfo]     java.net.preferIPv4Stack: true
09:40:00,245 DEBUG [ServerInfo]     jboss.server.home.dir: /home/capdev/workspace/capdev/CAPServer2.0/dbase/dcm4chee/dcm4chee-2.18.1-mysql/server/default
09:40:00,245 DEBUG [ServerInfo]     jgroups.bind_addr: capdev-VirtualBox
09:40:00,245 DEBUG [ServerInfo]     sun.arch.data.model: 64
09:40:00,245 DEBUG [ServerInfo]     java.endorsed.dirs: /home/capdev/workspace/capdev/CAPServer2.0/dbase/dcm4chee/dcm4chee-2.18.1-mysql/lib/endorsed
09:40:00,245 DEBUG [ServerInfo]     jboss.server.home.url: file:/home/capdev/workspace/capdev/CAPServer2.0/dbase/dcm4chee/dcm4chee-2.18.1-mysql/server/default/
09:40:00,245 DEBUG [ServerInfo]     sun.cpu.isalist: 
09:40:00,246 DEBUG [ServerInfo]     sun.jnu.encoding: UTF-8
09:40:00,246 DEBUG [ServerInfo]     file.encoding.pkg: sun.io
09:40:00,246 DEBUG [ServerInfo]     file.separator: /
09:40:00,246 DEBUG [ServerInfo]     java.specification.name: Java Platform API Specification
09:40:00,246 DEBUG [ServerInfo]     java.class.version: 52.0
09:40:00,246 DEBUG [ServerInfo]     jboss.server.config.url: file:/home/capdev/workspace/capdev/CAPServer2.0/dbase/dcm4chee/dcm4chee-2.18.1-mysql/server/default/conf/
09:40:00,246 DEBUG [ServerInfo]     user.country: US
09:40:00,246 DEBUG [ServerInfo]     java.home: /usr/lib/jvm/java-8-openjdk-amd64/jre
09:40:00,246 DEBUG [ServerInfo]     java.vm.info: mixed mode
09:40:00,246 DEBUG [ServerInfo]     jboss.lib.url: file:/home/capdev/workspace/capdev/CAPServer2.0/dbase/dcm4chee/dcm4chee-2.18.1-mysql/lib/
09:40:00,246 DEBUG [ServerInfo]     bind.address: capdev-VirtualBox
09:40:00,246 DEBUG [ServerInfo]     os.version: 4.8.0-58-generic
09:40:00,246 DEBUG [ServerInfo]     path.separator: :
09:40:00,246 DEBUG [ServerInfo]     java.vm.version: 25.131-b11
09:40:00,246 DEBUG [ServerInfo]     java.protocol.handler.pkgs: org.jboss.net.protocol
09:40:00,246 DEBUG [ServerInfo]     java.awt.printerjob: sun.print.PSPrinterJob
09:40:00,246 DEBUG [ServerInfo]     sun.io.unicode.encoding: UnicodeLittle
09:40:00,246 DEBUG [ServerInfo]     awt.toolkit: sun.awt.X11.XToolkit
09:40:00,246 DEBUG [ServerInfo]     jboss.server.temp.dir: /home/capdev/workspace/capdev/CAPServer2.0/dbase/dcm4chee/dcm4chee-2.18.1-mysql/server/default/tmp
09:40:00,246 DEBUG [ServerInfo]     sun.rmi.dgc.client.gcInterval: 3600000
09:40:00,246 DEBUG [ServerInfo]     user.home: /home/capdev
09:40:00,246 DEBUG [ServerInfo]     java.specification.vendor: Oracle Corporation
09:40:00,246 DEBUG [ServerInfo]     java.library.path: /home/capdev/workspace/capdev/CAPServer2.0/dbase/dcm4chee/dcm4chee-2.18.1-mysql/bin/native
09:40:00,246 DEBUG [ServerInfo]     java.vendor.url: http://java.oracle.com/
09:40:00,246 DEBUG [ServerInfo]     program.name: run.sh
09:40:00,246 DEBUG [ServerInfo]     java.vm.vendor: Oracle Corporation
09:40:00,248 DEBUG [ServerInfo]     sun.rmi.dgc.server.gcInterval: 3600000
09:40:00,248 DEBUG [ServerInfo]     java.runtime.name: OpenJDK Runtime Environment
09:40:00,248 DEBUG [ServerInfo]     sun.java.command: org.jboss.Main -b 0.0.0.0
09:40:00,248 DEBUG [ServerInfo]     java.class.path: /home/capdev/workspace/capdev/CAPServer2.0/dbase/dcm4chee/dcm4chee-2.18.1-mysql/bin/run.jar:/usr/lib/jvm/java-8-openjdk-amd64/lib/tools.jar
09:40:00,248 DEBUG [ServerInfo]     jboss.server.log.dir: /home/capdev/workspace/capdev/CAPServer2.0/dbase/dcm4chee/dcm4chee-2.18.1-mysql/server/default/log
09:40:00,248 DEBUG [ServerInfo]     jbossmx.loader.repository.class: org.jboss.mx.loading.UnifiedLoaderRepository3
09:40:00,248 DEBUG [ServerInfo]     app.name: dcm4chee
09:40:00,248 DEBUG [ServerInfo]     java.vm.specification.name: Java Virtual Machine Specification
09:40:00,248 DEBUG [ServerInfo]     java.vm.specification.version: 1.8
09:40:00,248 DEBUG [ServerInfo]     sun.cpu.endian: little
09:40:00,248 DEBUG [ServerInfo]     sun.os.patch.level: unknown
09:40:00,248 DEBUG [ServerInfo]     jboss.server.lib.url: file:/home/capdev/workspace/capdev/CAPServer2.0/dbase/dcm4chee/dcm4chee-2.18.1-mysql/server/default/lib/
09:40:00,248 DEBUG [ServerInfo]     java.awt.headless: true
09:40:00,248 DEBUG [ServerInfo]     java.io.tmpdir: /tmp
09:40:00,248 DEBUG [ServerInfo]     java.vendor.url.bug: http://bugreport.sun.com/bugreport/
09:40:00,248 DEBUG [ServerInfo]     jboss.server.data.dir: /home/capdev/workspace/capdev/CAPServer2.0/dbase/dcm4chee/dcm4chee-2.18.1-mysql/server/default/data
09:40:00,248 DEBUG [ServerInfo]     java.rmi.server.hostname: capdev-VirtualBox
09:40:00,248 DEBUG [ServerInfo]     os.arch: amd64
09:40:00,248 DEBUG [ServerInfo]     java.awt.graphicsenv: sun.awt.X11GraphicsEnvironment
09:40:00,248 DEBUG [ServerInfo]     java.ext.dirs: /usr/lib/jvm/java-8-openjdk-amd64/jre/lib/ext:/usr/java/packages/lib/ext
09:40:00,248 DEBUG [ServerInfo]     user.dir: /home/capdev
09:40:00,248 DEBUG [ServerInfo]     line.separator: 

09:40:00,248 DEBUG [ServerInfo]     java.vm.name: OpenJDK 64-Bit Server VM
09:40:00,248 DEBUG [ServerInfo]     jboss.server.base.dir: /home/capdev/workspace/capdev/CAPServer2.0/dbase/dcm4chee/dcm4chee-2.18.1-mysql/server
09:40:00,248 DEBUG [ServerInfo]     jboss.server.base.url: file:/home/capdev/workspace/capdev/CAPServer2.0/dbase/dcm4chee/dcm4chee-2.18.1-mysql/server/
09:40:00,248 DEBUG [ServerInfo]     javax.management.builder.initial: org.jboss.mx.server.MBeanServerBuilderImpl
09:40:00,248 DEBUG [ServerInfo]     file.encoding: UTF-8
09:40:00,248 DEBUG [ServerInfo]     java.specification.version: 1.8
09:40:00,248 DEBUG [ServerInfo]     javax.xml.transform.TransformerFactory: com.sun.org.apache.xalan.internal.xsltc.trax.TransformerFactoryImpl
09:40:00,248 DEBUG [ServerInfo]     jboss.server.name: default
09:40:00,251 DEBUG [Server] Created system MBean: jboss.system:type=ServerInfo
09:40:00,256 DEBUG [Server] Failed to create xmbean for: org.jboss.system.ServiceController
09:40:00,278 DEBUG [ServiceController] Controller MBean online
09:40:00,279 DEBUG [Server] Created system MBean: jboss.system:service=ServiceController
09:40:00,322 DEBUG [Server] Created system XMBean: jboss.system:service=MainDeployer
09:40:00,322 DEBUG [ServiceController] Creating service jboss.system:service=MainDeployer
09:40:00,324 DEBUG [MainDeployer] Creating jboss.system:service=MainDeployer
09:40:00,330 DEBUG [Files] Failed to delete dir: /home/capdev/workspace/capdev/CAPServer2.0/dbase/dcm4chee/dcm4chee-2.18.1-mysql/server/default/tmp/deploy
09:40:00,330 DEBUG [MainDeployer] Created jboss.system:service=MainDeployer
09:40:00,330 DEBUG [ServiceController] Creating dependent components for: jboss.system:service=MainDeployer dependents are: []
09:40:00,330 DEBUG [ServiceController] starting service jboss.system:service=MainDeployer
09:40:00,331 DEBUG [MainDeployer] Starting jboss.system:service=MainDeployer
09:40:00,331 DEBUG [MainDeployer] Started jboss.system:service=MainDeployer
09:40:00,331 DEBUG [ServiceController] Starting dependent components for: jboss.system:service=MainDeployer dependent components: []
09:40:00,331 DEBUG [Server] Shutdown hook added
09:40:00,350 DEBUG [Server] Created system XMBean: jboss.system:service=JARDeployer
09:40:00,350 DEBUG [ServiceController] Creating service jboss.system:service=JARDeployer
09:40:00,350 DEBUG [JARDeployer] Creating jboss.system:service=JARDeployer
09:40:00,354 DEBUG [JARDeployer] Created jboss.system:service=JARDeployer
09:40:00,354 DEBUG [ServiceController] Creating dependent components for: jboss.system:service=JARDeployer dependents are: []
09:40:00,354 DEBUG [ServiceController] starting service jboss.system:service=JARDeployer
09:40:00,354 DEBUG [JARDeployer] Starting jboss.system:service=JARDeployer
09:40:00,354 DEBUG [MainDeployer] Adding deployer: org.jboss.deployment.JARDeployer@6ea14353
09:40:00,354 DEBUG [SuffixOrderHelper] Static suffix exists; ignoring request for adding enhanced suffix: 700:.jar
09:40:00,354 DEBUG [JARDeployer] Started jboss.system:service=JARDeployer
09:40:00,354 DEBUG [ServiceController] Starting dependent components for: jboss.system:service=JARDeployer dependent components: []
09:40:00,361 DEBUG [Server] Created system XMBean: jboss.system:service=ServiceDeployer
09:40:00,361 DEBUG [ServiceController] Creating service jboss.system:service=ServiceDeployer
09:40:00,361 DEBUG [SARDeployer] Creating jboss.system:service=ServiceDeployer
09:40:00,364 DEBUG [SARDeployer] Created jboss.system:service=ServiceDeployer
09:40:00,364 DEBUG [ServiceController] Creating dependent components for: jboss.system:service=ServiceDeployer dependents are: []
09:40:00,364 DEBUG [ServiceController] starting service jboss.system:service=ServiceDeployer
09:40:00,364 DEBUG [SARDeployer] Starting jboss.system:service=ServiceDeployer
09:40:00,364 DEBUG [MainDeployer] Adding deployer: org.jboss.deployment.SARDeployer@17f6fcd8
09:40:00,366 DEBUG [SARDeployer] Started jboss.system:service=ServiceDeployer
09:40:00,366 DEBUG [ServiceController] Starting dependent components for: jboss.system:service=ServiceDeployer dependent components: []
09:40:00,366 INFO  [Server] Core system initialized
09:40:00,370 DEBUG [MainDeployer] Starting deployment of package: file:/home/capdev/workspace/capdev/CAPServer2.0/dbase/dcm4chee/dcm4chee-2.18.1-mysql/server/default/conf/jboss-service.xml
09:40:00,370 DEBUG [MainDeployer] Starting deployment (init step) of package at: file:/home/capdev/workspace/capdev/CAPServer2.0/dbase/dcm4chee/dcm4chee-2.18.1-mysql/server/default/conf/jboss-service.xml
09:40:00,375 DEBUG [MainDeployer] Copying file:/home/capdev/workspace/capdev/CAPServer2.0/dbase/dcm4chee/dcm4chee-2.18.1-mysql/server/default/conf/jboss-service.xml -> /home/capdev/workspace/capdev/CAPServer2.0/dbase/dcm4chee/dcm4chee-2.18.1-mysql/server/default/tmp/deploy/tmp3151442329870947065jboss-service.xml
09:40:00,376 DEBUG [MainDeployer] using deployer org.jboss.deployment.SARDeployer@17f6fcd8
09:40:00,392 DEBUG [SARDeployer] Found classpath element: [classpath: null]
09:40:00,392 DEBUG [SARDeployer] codebase URL is file:/home/capdev/workspace/capdev/CAPServer2.0/dbase/dcm4chee/dcm4chee-2.18.1-mysql/server/default/lib/
09:40:00,392 DEBUG [SARDeployer] listing codebase for archives matching *
09:40:00,393 DEBUG [SARDeployer] URLLister class is org.jboss.net.protocol.file.FileURLLister
09:40:00,395 DEBUG [SARDeployer] deployed classes for file:/home/capdev/workspace/capdev/CAPServer2.0/dbase/dcm4chee/dcm4chee-2.18.1-mysql/server/default/lib/dcm4che-base64-2.0.28.jar
09:40:00,395 DEBUG [SARDeployer] deployed classes for file:/home/capdev/workspace/capdev/CAPServer2.0/dbase/dcm4chee/dcm4chee-2.18.1-mysql/server/default/lib/javassist.jar
09:40:00,395 DEBUG [SARDeployer] deployed classes for file:/home/capdev/workspace/capdev/CAPServer2.0/dbase/dcm4chee/dcm4chee-2.18.1-mysql/server/default/lib/jboss-messaging.jar
09:40:00,395 DEBUG [SARDeployer] deployed classes for file:/home/capdev/workspace/capdev/CAPServer2.0/dbase/dcm4chee/dcm4chee-2.18.1-mysql/server/default/lib/commons-collections.jar
09:40:00,395 DEBUG [SARDeployer] deployed classes for file:/home/capdev/workspace/capdev/CAPServer2.0/dbase/dcm4chee/dcm4chee-2.18.1-mysql/server/default/lib/dcm4chee-hl7.jar
09:40:00,395 DEBUG [SARDeployer] deployed classes for file:/home/capdev/workspace/capdev/CAPServer2.0/dbase/dcm4chee/dcm4chee-2.18.1-mysql/server/default/lib/dcm4chee-jdbc-mysql.jar
09:40:00,395 DEBUG [SARDeployer] deployed classes for file:/home/capdev/workspace/capdev/CAPServer2.0/dbase/dcm4chee/dcm4chee-2.18.1-mysql/server/default/lib/dcm4che-net-2.0.28.jar
09:40:00,395 DEBUG [SARDeployer] deployed classes for file:/home/capdev/workspace/capdev/CAPServer2.0/dbase/dcm4chee/dcm4chee-2.18.1-mysql/server/default/lib/jnpserver.jar
09:40:00,395 DEBUG [SARDeployer] deployed classes for file:/home/capdev/workspace/capdev/CAPServer2.0/dbase/dcm4chee/dcm4chee-2.18.1-mysql/server/default/lib/jaxb-api.jar
09:40:00,395 DEBUG [SARDeployer] deployed classes for file:/home/capdev/workspace/capdev/CAPServer2.0/dbase/dcm4chee/dcm4chee-2.18.1-mysql/server/default/lib/jbossws-framework.jar
09:40:00,395 DEBUG [SARDeployer] deployed classes for file:/home/capdev/workspace/capdev/CAPServer2.0/dbase/dcm4chee/dcm4chee-2.18.1-mysql/server/default/lib/dcm4chee-web-urlprovider-3.0.5.jar
09:40:00,395 DEBUG [SARDeployer] deployed classes for file:/home/capdev/workspace/capdev/CAPServer2.0/dbase/dcm4chee/dcm4chee-2.18.1-mysql/server/default/lib/dcm4chee.jar
09:40:00,395 DEBUG [SARDeployer] deployed classes for file:/home/capdev/workspace/capdev/CAPServer2.0/dbase/dcm4chee/dcm4chee-2.18.1-mysql/server/default/lib/dcm4chee-ejb-client.jar
09:40:00,395 DEBUG [SARDeployer] deployed classes for file:/home/capdev/workspace/capdev/CAPServer2.0/dbase/dcm4chee/dcm4chee-2.18.1-mysql/server/default/lib/bcel.jar
09:40:00,395 DEBUG [SARDeployer] deployed classes for file:/home/capdev/workspace/capdev/CAPServer2.0/dbase/dcm4chee/dcm4chee-2.18.1-mysql/server/default/lib/commons-io-1.3.1.jar
09:40:00,395 DEBUG [SARDeployer] deployed classes for file:/home/capdev/workspace/capdev/CAPServer2.0/dbase/dcm4chee/dcm4chee-2.18.1-mysql/server/default/lib/activation.jar
09:40:00,396 DEBUG [SARDeployer] deployed classes for file:/home/capdev/workspace/capdev/CAPServer2.0/dbase/dcm4chee/dcm4chee-2.18.1-mysql/server/default/lib/dcm4chee-audit-tomcat-2.17.3.jar
09:40:00,396 DEBUG [SARDeployer] deployed classes for file:/home/capdev/workspace/capdev/CAPServer2.0/dbase/dcm4chee/dcm4chee-2.18.1-mysql/server/default/lib/jbossws-jboss42.jar
09:40:00,396 DEBUG [SARDeployer] deployed classes for file:/home/capdev/workspace/capdev/CAPServer2.0/dbase/dcm4chee/dcm4chee-2.18.1-mysql/server/default/lib/commons-compress-20050911.jar
09:40:00,396 DEBUG [SARDeployer] deployed classes for file:/home/capdev/workspace/capdev/CAPServer2.0/dbase/dcm4chee/dcm4chee-2.18.1-mysql/server/default/lib/jboss-hibernate.jar
09:40:00,396 DEBUG [SARDeployer] deployed classes for file:/home/capdev/workspace/capdev/CAPServer2.0/dbase/dcm4chee/dcm4chee-2.18.1-mysql/server/default/lib/commons-logging.jar
09:40:00,396 DEBUG [SARDeployer] deployed classes for file:/home/capdev/workspace/capdev/CAPServer2.0/dbase/dcm4chee/dcm4chee-2.18.1-mysql/server/default/lib/jboss-transaction.jar
09:40:00,396 DEBUG [SARDeployer] deployed classes for file:/home/capdev/workspace/capdev/CAPServer2.0/dbase/dcm4chee/dcm4chee-2.18.1-mysql/server/default/lib/jai_imageio.jar
09:40:00,396 DEBUG [SARDeployer] deployed classes for file:/home/capdev/workspace/capdev/CAPServer2.0/dbase/dcm4chee/dcm4chee-2.18.1-mysql/server/default/lib/quartz.jar
09:40:00,396 DEBUG [SARDeployer] deployed classes for file:/home/capdev/workspace/capdev/CAPServer2.0/dbase/dcm4chee/dcm4chee-2.18.1-mysql/server/default/lib/jboss-management.jar
09:40:00,396 DEBUG [SARDeployer] deployed classes for file:/home/capdev/workspace/capdev/CAPServer2.0/dbase/dcm4chee/dcm4chee-2.18.1-mysql/server/default/lib/dcm4che-imageio-rle-2.0.25.jar
09:40:00,396 DEBUG [SARDeployer] deployed classes for file:/home/capdev/workspace/capdev/CAPServer2.0/dbase/dcm4chee/dcm4chee-2.18.1-mysql/server/default/lib/bsf.jar
09:40:00,396 DEBUG [SARDeployer] deployed classes for file:/home/capdev/workspace/capdev/CAPServer2.0/dbase/dcm4chee/dcm4chee-2.18.1-mysql/server/default/lib/antlr.jar
09:40:00,396 DEBUG [SARDeployer] deployed classes for file:/home/capdev/workspace/capdev/CAPServer2.0/dbase/dcm4chee/dcm4chee-2.18.1-mysql/server/default/lib/dcm4chee-docstore-store-1.0.3.jar
09:40:00,396 DEBUG [SARDeployer] deployed classes for file:/home/capdev/workspace/capdev/CAPServer2.0/dbase/dcm4chee/dcm4chee-2.18.1-mysql/server/default/lib/jboss-common-jdbc-wrapper.jar
09:40:00,396 DEBUG [SARDeployer] deployed classes for file:/home/capdev/workspace/capdev/CAPServer2.0/dbase/dcm4chee/dcm4chee-2.18.1-mysql/server/default/lib/dcm4che-soundex-2.0.25.jar
09:40:00,396 DEBUG [SARDeployer] deployed classes for file:/home/capdev/workspace/capdev/CAPServer2.0/dbase/dcm4chee/dcm4chee-2.18.1-mysql/server/default/lib/dcm4che-audit-2.0.25.jar
09:40:00,396 DEBUG [SARDeployer] deployed classes for file:/home/capdev/workspace/capdev/CAPServer2.0/dbase/dcm4chee/dcm4chee-2.18.1-mysql/server/default/lib/jbosssx.jar
09:40:00,396 DEBUG [SARDeployer] deployed classes for file:/home/capdev/workspace/capdev/CAPServer2.0/dbase/dcm4chee/dcm4chee-2.18.1-mysql/server/default/lib/hibernate3.jar
09:40:00,397 DEBUG [SARDeployer] deployed classes for file:/home/capdev/workspace/capdev/CAPServer2.0/dbase/dcm4chee/dcm4chee-2.18.1-mysql/server/default/lib/dcm4chee-audit-logger-2.17.3.jar
09:40:00,397 DEBUG [SARDeployer] deployed classes for file:/home/capdev/workspace/capdev/CAPServer2.0/dbase/dcm4chee/dcm4chee-2.18.1-mysql/server/default/lib/slf4j-log4j12-1.6.1.jar
09:40:00,397 DEBUG [SARDeployer] deployed classes for file:/home/capdev/workspace/capdev/CAPServer2.0/dbase/dcm4chee/dcm4chee-2.18.1-mysql/server/default/lib/jboss-jaxws-ext.jar
09:40:00,397 DEBUG [SARDeployer] deployed classes for file:/home/capdev/workspace/capdev/CAPServer2.0/dbase/dcm4chee/dcm4chee-2.18.1-mysql/server/default/lib/dcm4chee-rid.jar
09:40:00,397 DEBUG [SARDeployer] deployed classes for file:/home/capdev/workspace/capdev/CAPServer2.0/dbase/dcm4chee/dcm4chee-2.18.1-mysql/server/default/lib/jaxen.jar
09:40:00,397 DEBUG [SARDeployer] deployed classes for file:/home/capdev/workspace/capdev/CAPServer2.0/dbase/dcm4chee/dcm4chee-2.18.1-mysql/server/default/lib/jboss-ejb3x.jar
09:40:00,397 DEBUG [SARDeployer] deployed classes for file:/home/capdev/workspace/capdev/CAPServer2.0/dbase/dcm4chee/dcm4chee-2.18.1-mysql/server/default/lib/mail-plugin.jar
09:40:00,397 DEBUG [SARDeployer] deployed classes for file:/home/capdev/workspace/capdev/CAPServer2.0/dbase/dcm4chee/dcm4chee-2.18.1-mysql/server/default/lib/jbossjta.jar
09:40:00,397 DEBUG [SARDeployer] deployed classes for file:/home/capdev/workspace/capdev/CAPServer2.0/dbase/dcm4chee/dcm4chee-2.18.1-mysql/server/default/lib/jboss-srp.jar
09:40:00,397 DEBUG [SARDeployer] deployed classes for file:/home/capdev/workspace/capdev/CAPServer2.0/dbase/dcm4chee/dcm4chee-2.18.1-mysql/server/default/lib/ejb3-persistence.jar
09:40:00,397 DEBUG [SARDeployer] deployed classes for file:/home/capdev/workspace/capdev/CAPServer2.0/dbase/dcm4chee/dcm4chee-2.18.1-mysql/server/default/lib/cglib.jar
09:40:00,397 DEBUG [SARDeployer] deployed classes for file:/home/capdev/workspace/capdev/CAPServer2.0/dbase/dcm4chee/dcm4chee-2.18.1-mysql/server/default/lib/dom4j.jar
09:40:00,397 DEBUG [SARDeployer] deployed classes for file:/home/capdev/workspace/capdev/CAPServer2.0/dbase/dcm4chee/dcm4chee-2.18.1-mysql/server/default/lib/log4j.jar
09:40:00,397 DEBUG [SARDeployer] deployed classes for file:/home/capdev/workspace/capdev/CAPServer2.0/dbase/dcm4chee/dcm4chee-2.18.1-mysql/server/default/lib/jboss-j2ee.jar
09:40:00,397 DEBUG [SARDeployer] deployed classes for file:/home/capdev/workspace/capdev/CAPServer2.0/dbase/dcm4chee/dcm4chee-2.18.1-mysql/server/default/lib/bsh.jar
09:40:00,397 DEBUG [SARDeployer] deployed classes for file:/home/capdev/workspace/capdev/CAPServer2.0/dbase/dcm4chee/dcm4chee-2.18.1-mysql/server/default/lib/slf4j-api-1.6.1.jar
09:40:00,397 DEBUG [SARDeployer] deployed classes for file:/home/capdev/workspace/capdev/CAPServer2.0/dbase/dcm4chee/dcm4chee-2.18.1-mysql/server/default/lib/jmx-adaptor-plugin.jar
09:40:00,397 DEBUG [SARDeployer] deployed classes for file:/home/capdev/workspace/capdev/CAPServer2.0/dbase/dcm4chee/dcm4chee-2.18.1-mysql/server/default/lib/mail.jar
09:40:00,397 DEBUG [SARDeployer] deployed classes for file:/home/capdev/workspace/capdev/CAPServer2.0/dbase/dcm4chee/dcm4chee-2.18.1-mysql/server/default/lib/jboss-monitoring.jar
09:40:00,397 DEBUG [SARDeployer] deployed classes for file:/home/capdev/workspace/capdev/CAPServer2.0/dbase/dcm4chee/dcm4chee-2.18.1-mysql/server/default/lib/jboss-jsr77.jar
09:40:00,397 DEBUG [SARDeployer] deployed classes for file:/home/capdev/workspace/capdev/CAPServer2.0/dbase/dcm4chee/dcm4chee-2.18.1-mysql/server/default/lib/bindingservice-plugin.jar
09:40:00,397 DEBUG [SARDeployer] deployed classes for file:/home/capdev/workspace/capdev/CAPServer2.0/dbase/dcm4chee/dcm4chee-2.18.1-mysql/server/default/lib/jboss-iiop.jar
09:40:00,397 DEBUG [SARDeployer] deployed classes for file:/home/capdev/workspace/capdev/CAPServer2.0/dbase/dcm4chee/dcm4chee-2.18.1-mysql/server/default/lib/autonumber-plugin.jar
09:40:00,397 DEBUG [SARDeployer] deployed classes for file:/home/capdev/workspace/capdev/CAPServer2.0/dbase/dcm4chee/dcm4chee-2.18.1-mysql/server/default/lib/jboss.jar
09:40:00,397 DEBUG [SARDeployer] deployed classes for file:/home/capdev/workspace/capdev/CAPServer2.0/dbase/dcm4chee/dcm4chee-2.18.1-mysql/server/default/lib/jcifs-1.3.17.jar
09:40:00,397 DEBUG [SARDeployer] deployed classes for file:/home/capdev/workspace/capdev/CAPServer2.0/dbase/dcm4chee/dcm4chee-2.18.1-mysql/server/default/lib/jbossws-common.jar
09:40:00,397 DEBUG [SARDeployer] deployed classes for file:/home/capdev/workspace/capdev/CAPServer2.0/dbase/dcm4chee/dcm4chee-2.18.1-mysql/server/default/lib/servlet-api.jar
09:40:00,397 DEBUG [SARDeployer] deployed classes for file:/home/capdev/workspace/capdev/CAPServer2.0/dbase/dcm4chee/dcm4chee-2.18.1-mysql/server/default/lib/jbossts-common.jar
09:40:00,397 DEBUG [SARDeployer] deployed classes for file:/home/capdev/workspace/capdev/CAPServer2.0/dbase/dcm4chee/dcm4chee-2.18.1-mysql/server/default/lib/jbossws-spi.jar
09:40:00,397 DEBUG [SARDeployer] deployed classes for file:/home/capdev/workspace/capdev/CAPServer2.0/dbase/dcm4chee/dcm4chee-2.18.1-mysql/server/default/lib/dcm4chee-web-licenseprovider-3.0.5.jar
09:40:00,397 DEBUG [SARDeployer] deployed classes for file:/home/capdev/workspace/capdev/CAPServer2.0/dbase/dcm4chee/dcm4chee-2.18.1-mysql/server/default/lib/jboss-vfs.jar
09:40:00,397 DEBUG [SARDeployer] deployed classes for file:/home/capdev/workspace/capdev/CAPServer2.0/dbase/dcm4chee/dcm4chee-2.18.1-mysql/server/default/lib/dcm4che-core-2.0.28.jar
09:40:00,397 DEBUG [SARDeployer] deployed classes for file:/home/capdev/workspace/capdev/CAPServer2.0/dbase/dcm4chee/dcm4chee-2.18.1-mysql/server/default/lib/el-api.jar
09:40:00,397 DEBUG [SARDeployer] deployed classes for file:/home/capdev/workspace/capdev/CAPServer2.0/dbase/dcm4chee/dcm4chee-2.18.1-mysql/server/default/lib/avalon-framework-4.2.0.jar
09:40:00,397 DEBUG [SARDeployer] deployed classes for file:/home/capdev/workspace/capdev/CAPServer2.0/dbase/dcm4chee/dcm4chee-2.18.1-mysql/server/default/lib/clibwrapper_jiio.jar
09:40:00,397 DEBUG [SARDeployer] deployed classes for file:/home/capdev/workspace/capdev/CAPServer2.0/dbase/dcm4chee/dcm4chee-2.18.1-mysql/server/default/lib/jboss-serialization.jar
09:40:00,397 DEBUG [SARDeployer] deployed classes for file:/home/capdev/workspace/capdev/CAPServer2.0/dbase/dcm4chee/dcm4chee-2.18.1-mysql/server/default/lib/joesnmp.jar
09:40:00,397 DEBUG [SARDeployer] deployed classes for file:/home/capdev/workspace/capdev/CAPServer2.0/dbase/dcm4chee/dcm4chee-2.18.1-mysql/server/default/lib/xhl7.jar
09:40:00,397 DEBUG [SARDeployer] deployed classes for file:/home/capdev/workspace/capdev/CAPServer2.0/dbase/dcm4chee/dcm4chee-2.18.1-mysql/server/default/lib/jboss-remoting-int.jar
09:40:00,397 DEBUG [SARDeployer] deployed classes for file:/home/capdev/workspace/capdev/CAPServer2.0/dbase/dcm4chee/dcm4chee-2.18.1-mysql/server/default/lib/jboss-remoting.jar
09:40:00,397 DEBUG [SARDeployer] deployed classes for file:/home/capdev/workspace/capdev/CAPServer2.0/dbase/dcm4chee/dcm4chee-2.18.1-mysql/server/default/lib/xmlentitymgr.jar
09:40:00,397 DEBUG [SARDeployer] deployed classes for file:/home/capdev/workspace/capdev/CAPServer2.0/dbase/dcm4chee/dcm4chee-2.18.1-mysql/server/default/lib/jboss-jaxrpc.jar
09:40:00,397 DEBUG [SARDeployer] deployed classes for file:/home/capdev/workspace/capdev/CAPServer2.0/dbase/dcm4chee/dcm4chee-2.18.1-mysql/server/default/lib/jboss-jca.jar
09:40:00,397 DEBUG [SARDeployer] deployed classes for file:/home/capdev/workspace/capdev/CAPServer2.0/dbase/dcm4chee/dcm4chee-2.18.1-mysql/server/default/lib/dcm4chee-wado.jar
09:40:00,398 DEBUG [SARDeployer] deployed classes for file:/home/capdev/workspace/capdev/CAPServer2.0/dbase/dcm4chee/dcm4chee-2.18.1-mysql/server/default/lib/log4j-snmp-appender.jar
09:40:00,398 DEBUG [SARDeployer] deployed classes for file:/home/capdev/workspace/capdev/CAPServer2.0/dbase/dcm4chee/dcm4chee-2.18.1-mysql/server/default/lib/jsch-0.1.49.jar
09:40:00,398 DEBUG [SARDeployer] deployed classes for file:/home/capdev/workspace/capdev/CAPServer2.0/dbase/dcm4chee/dcm4chee-2.18.1-mysql/server/default/lib/scheduler-plugin-example.jar
09:40:00,398 DEBUG [SARDeployer] deployed classes for file:/home/capdev/workspace/capdev/CAPServer2.0/dbase/dcm4chee/dcm4chee-2.18.1-mysql/server/default/lib/jboss-jaxws.jar
09:40:00,398 DEBUG [SARDeployer] deployed classes for file:/home/capdev/workspace/capdev/CAPServer2.0/dbase/dcm4chee/dcm4chee-2.18.1-mysql/server/default/lib/scheduler-plugin.jar
09:40:00,398 DEBUG [SARDeployer] deployed classes for file:/home/capdev/workspace/capdev/CAPServer2.0/dbase/dcm4chee/dcm4chee-2.18.1-mysql/server/default/lib/hibernate-annotations.jar
09:40:00,398 DEBUG [SARDeployer] deployed classes for file:/home/capdev/workspace/capdev/CAPServer2.0/dbase/dcm4chee/dcm4chee-2.18.1-mysql/server/default/lib/hibernate-entitymanager.jar
09:40:00,398 DEBUG [SARDeployer] deployed classes for file:/home/capdev/workspace/capdev/CAPServer2.0/dbase/dcm4chee/dcm4chee-2.18.1-mysql/server/default/lib/jbossjta-integration.jar
09:40:00,398 DEBUG [SARDeployer] deployed classes for file:/home/capdev/workspace/capdev/CAPServer2.0/dbase/dcm4chee/dcm4chee-2.18.1-mysql/server/default/lib/commons-httpclient.jar
09:40:00,398 DEBUG [SARDeployer] deployed classes for file:/home/capdev/workspace/capdev/CAPServer2.0/dbase/dcm4chee/dcm4chee-2.18.1-mysql/server/default/lib/jboss-jsr88.jar
09:40:00,398 DEBUG [SARDeployer] deployed classes for file:/home/capdev/workspace/capdev/CAPServer2.0/dbase/dcm4chee/dcm4chee-2.18.1-mysql/server/default/lib/properties-plugin.jar
09:40:00,398 DEBUG [SARDeployer] deployed classes for file:/home/capdev/workspace/capdev/CAPServer2.0/dbase/dcm4chee/dcm4chee-2.18.1-mysql/server/default/lib/jboss-saaj.jar
09:40:00,398 DEBUG [SARDeployer] deployed classes for file:/home/capdev/workspace/capdev/CAPServer2.0/dbase/dcm4chee/dcm4chee-2.18.1-mysql/server/default/lib/xmlgraphics-commons-1.3.1.jar
09:40:00,398 DEBUG [SARDeployer] deployed classes for file:/home/capdev/workspace/capdev/CAPServer2.0/dbase/dcm4chee/dcm4chee-2.18.1-mysql/server/default/lib/dcm4che.jar
09:40:00,398 DEBUG [SARDeployer] deployed classes for file:/home/capdev/workspace/capdev/CAPServer2.0/dbase/dcm4chee/dcm4chee-2.18.1-mysql/server/default/lib/xml-apis-ext-1.3.04.jar
09:40:00,398 DEBUG [SARDeployer] deployed classes for file:/home/capdev/workspace/capdev/CAPServer2.0/dbase/dcm4chee/dcm4chee-2.18.1-mysql/server/default/lib/bsh-deployer.jar
09:40:00,398 DEBUG [SARDeployer] deployed classes for file:/home/capdev/workspace/capdev/CAPServer2.0/dbase/dcm4chee/dcm4chee-2.18.1-mysql/server/default/lib/CAStorSDK-1.3.1-CS40.jar
09:40:00,398 DEBUG [SARDeployer] deployed classes for file:/home/capdev/workspace/capdev/CAPServer2.0/dbase/dcm4chee/dcm4chee-2.18.1-mysql/server/default/lib/batik-all-1.7.jar
09:40:00,398 DEBUG [SARDeployer] deployed classes for file:/home/capdev/workspace/capdev/CAPServer2.0/dbase/dcm4chee/dcm4chee-2.18.1-mysql/server/default/lib/fop.jar
09:40:00,398 DEBUG [SARDeployer] deployed classes for file:/home/capdev/workspace/capdev/CAPServer2.0/dbase/dcm4chee/dcm4chee-2.18.1-mysql/server/default/lib/dcm4chee-audit-login-2.17.3.jar
09:40:00,398 DEBUG [SARDeployer] deployed classes for file:/home/capdev/workspace/capdev/CAPServer2.0/dbase/dcm4chee/dcm4chee-2.18.1-mysql/server/default/lib/mysql-connector-java-5.0.5.jar
09:40:00,398 DEBUG [SARDeployer] deployed classes for file:/home/capdev/workspace/capdev/CAPServer2.0/dbase/dcm4chee/dcm4chee-2.18.1-mysql/server/default/lib/hsqldb-plugin.jar
09:40:00,398 DEBUG [SARDeployer] deployed classes for file:/home/capdev/workspace/capdev/CAPServer2.0/dbase/dcm4chee/dcm4chee-2.18.1-mysql/server/default/lib/hsqldb.jar
09:40:00,398 DEBUG [SARDeployer] deployed classes for file:/home/capdev/workspace/capdev/CAPServer2.0/dbase/dcm4chee/dcm4chee-2.18.1-mysql/server/default/lib/jsp-api.jar
09:40:00,398 DEBUG [SARDeployer] deployed classes for file:/home/capdev/workspace/capdev/CAPServer2.0/dbase/dcm4chee/dcm4chee-2.18.1-mysql/server/default/lib/commons-codec.jar
09:40:00,398 DEBUG [SARDeployer] deployed classes for file:/home/capdev/workspace/capdev/CAPServer2.0/dbase/dcm4chee/dcm4chee-2.18.1-mysql/server/default/lib/jaxb-impl.jar
09:40:00,398 DEBUG [SARDeployer] about to copy 0 local directories
09:40:00,399 DEBUG [SARDeployer] looking for nested deployments in : file:/home/capdev/workspace/capdev/CAPServer2.0/dbase/dcm4chee/dcm4chee-2.18.1-mysql/server/default/conf/jboss-service.xml
09:40:00,401 DEBUG [DeploymentInfo] createLoaderRepository from config: LoaderRepositoryConfig(repositoryName: JMImplementation:service=LoaderRepository,name=Default, repositoryClassName: null, configParserClassName: null, repositoryConfig: null)
09:40:00,403 DEBUG [RepositoryClassLoader] setRepository, repository=org.jboss.mx.loading.UnifiedLoaderRepository3@836f392, cl=org.jboss.mx.loading.UnifiedClassLoader3@7c5f4f6a{ url=null ,addedOrder=0}
09:40:00,403 DEBUG [RepositoryClassLoader] setRepository, repository=org.jboss.mx.loading.UnifiedLoaderRepository3@836f392, cl=org.jboss.mx.loading.UnifiedClassLoader3@7c5f4f6a{ url=null ,addedOrder=0}
09:40:00,403 DEBUG [UnifiedLoaderRepository3] Adding org.jboss.mx.loading.UnifiedClassLoader3@7c5f4f6a{ url=null ,addedOrder=0}
09:40:00,404 DEBUG [RepositoryClassLoader] Added url: file:/home/capdev/workspace/capdev/CAPServer2.0/dbase/dcm4chee/dcm4chee-2.18.1-mysql/server/default/lib/dcm4che-base64-2.0.28.jar, to ucl: org.jboss.mx.loading.UnifiedClassLoader3@7c5f4f6a{ url=null ,addedOrder=2}
09:40:00,416 DEBUG [RepositoryClassLoader] Added url: file:/home/capdev/workspace/capdev/CAPServer2.0/dbase/dcm4chee/dcm4chee-2.18.1-mysql/server/default/lib/javassist.jar, to ucl: org.jboss.mx.loading.UnifiedClassLoader3@7c5f4f6a{ url=null ,addedOrder=2}
09:40:00,459 DEBUG [ClassLoaderUtils] Multiple class loaders found for pkg: 
09:40:00,459 DEBUG [ClassLoaderUtils] Multiple class loaders found for pkg: xmdesc
09:40:00,459 DEBUG [RepositoryClassLoader] Added url: file:/home/capdev/workspace/capdev/CAPServer2.0/dbase/dcm4chee/dcm4chee-2.18.1-mysql/server/default/lib/jboss-messaging.jar, to ucl: org.jboss.mx.loading.UnifiedClassLoader3@7c5f4f6a{ url=null ,addedOrder=2}
09:40:00,483 DEBUG [RepositoryClassLoader] Added url: file:/home/capdev/workspace/capdev/CAPServer2.0/dbase/dcm4chee/dcm4chee-2.18.1-mysql/server/default/lib/commons-collections.jar, to ucl: org.jboss.mx.loading.UnifiedClassLoader3@7c5f4f6a{ url=null ,addedOrder=2}
09:40:00,491 DEBUG [RepositoryClassLoader] Added url: file:/home/capdev/workspace/capdev/CAPServer2.0/dbase/dcm4chee/dcm4chee-2.18.1-mysql/server/default/lib/dcm4chee-hl7.jar, to ucl: org.jboss.mx.loading.UnifiedClassLoader3@7c5f4f6a{ url=null ,addedOrder=2}
09:40:00,497 DEBUG [RepositoryClassLoader] Added url: file:/home/capdev/workspace/capdev/CAPServer2.0/dbase/dcm4chee/dcm4chee-2.18.1-mysql/server/default/lib/dcm4chee-jdbc-mysql.jar, to ucl: org.jboss.mx.loading.UnifiedClassLoader3@7c5f4f6a{ url=null ,addedOrder=2}
09:40:00,501 DEBUG [RepositoryClassLoader] Added url: file:/home/capdev/workspace/capdev/CAPServer2.0/dbase/dcm4chee/dcm4chee-2.18.1-mysql/server/default/lib/dcm4che-net-2.0.28.jar, to ucl: org.jboss.mx.loading.UnifiedClassLoader3@7c5f4f6a{ url=null ,addedOrder=2}
09:40:00,503 DEBUG [RepositoryClassLoader] Added url: file:/home/capdev/workspace/capdev/CAPServer2.0/dbase/dcm4chee/dcm4chee-2.18.1-mysql/server/default/lib/jnpserver.jar, to ucl: org.jboss.mx.loading.UnifiedClassLoader3@7c5f4f6a{ url=null ,addedOrder=2}
09:40:00,509 DEBUG [RepositoryClassLoader] Added url: file:/home/capdev/workspace/capdev/CAPServer2.0/dbase/dcm4chee/dcm4chee-2.18.1-mysql/server/default/lib/jaxb-api.jar, to ucl: org.jboss.mx.loading.UnifiedClassLoader3@7c5f4f6a{ url=null ,addedOrder=2}
09:40:00,512 DEBUG [RepositoryClassLoader] Added url: file:/home/capdev/workspace/capdev/CAPServer2.0/dbase/dcm4chee/dcm4chee-2.18.1-mysql/server/default/lib/jbossws-framework.jar, to ucl: org.jboss.mx.loading.UnifiedClassLoader3@7c5f4f6a{ url=null ,addedOrder=2}
09:40:00,513 DEBUG [RepositoryClassLoader] Added url: file:/home/capdev/workspace/capdev/CAPServer2.0/dbase/dcm4chee/dcm4chee-2.18.1-mysql/server/default/lib/dcm4chee-web-urlprovider-3.0.5.jar, to ucl: org.jboss.mx.loading.UnifiedClassLoader3@7c5f4f6a{ url=null ,addedOrder=2}
09:40:00,534 DEBUG [RepositoryClassLoader] Added url: file:/home/capdev/workspace/capdev/CAPServer2.0/dbase/dcm4chee/dcm4chee-2.18.1-mysql/server/default/lib/dcm4chee.jar, to ucl: org.jboss.mx.loading.UnifiedClassLoader3@7c5f4f6a{ url=null ,addedOrder=2}
09:40:00,537 DEBUG [RepositoryClassLoader] Added url: file:/home/capdev/workspace/capdev/CAPServer2.0/dbase/dcm4chee/dcm4chee-2.18.1-mysql/server/default/lib/dcm4chee-ejb-client.jar, to ucl: org.jboss.mx.loading.UnifiedClassLoader3@7c5f4f6a{ url=null ,addedOrder=2}
09:40:00,562 DEBUG [RepositoryClassLoader] Added url: file:/home/capdev/workspace/capdev/CAPServer2.0/dbase/dcm4chee/dcm4chee-2.18.1-mysql/server/default/lib/bcel.jar, to ucl: org.jboss.mx.loading.UnifiedClassLoader3@7c5f4f6a{ url=null ,addedOrder=2}
09:40:00,569 DEBUG [RepositoryClassLoader] Added url: file:/home/capdev/workspace/capdev/CAPServer2.0/dbase/dcm4chee/dcm4chee-2.18.1-mysql/server/default/lib/commons-io-1.3.1.jar, to ucl: org.jboss.mx.loading.UnifiedClassLoader3@7c5f4f6a{ url=null ,addedOrder=2}
09:40:00,571 DEBUG [RepositoryClassLoader] Added url: file:/home/capdev/workspace/capdev/CAPServer2.0/dbase/dcm4chee/dcm4chee-2.18.1-mysql/server/default/lib/activation.jar, to ucl: org.jboss.mx.loading.UnifiedClassLoader3@7c5f4f6a{ url=null ,addedOrder=2}
09:40:00,574 DEBUG [RepositoryClassLoader] Added url: file:/home/capdev/workspace/capdev/CAPServer2.0/dbase/dcm4chee/dcm4chee-2.18.1-mysql/server/default/lib/dcm4chee-audit-tomcat-2.17.3.jar, to ucl: org.jboss.mx.loading.UnifiedClassLoader3@7c5f4f6a{ url=null ,addedOrder=2}
09:40:00,581 DEBUG [RepositoryClassLoader] Added url: file:/home/capdev/workspace/capdev/CAPServer2.0/dbase/dcm4chee/dcm4chee-2.18.1-mysql/server/default/lib/jbossws-jboss42.jar, to ucl: org.jboss.mx.loading.UnifiedClassLoader3@7c5f4f6a{ url=null ,addedOrder=2}
09:40:00,582 DEBUG [RepositoryClassLoader] Added url: file:/home/capdev/workspace/capdev/CAPServer2.0/dbase/dcm4chee/dcm4chee-2.18.1-mysql/server/default/lib/commons-compress-20050911.jar, to ucl: org.jboss.mx.loading.UnifiedClassLoader3@7c5f4f6a{ url=null ,addedOrder=2}
09:40:00,583 DEBUG [RepositoryClassLoader] Added url: file:/home/capdev/workspace/capdev/CAPServer2.0/dbase/dcm4chee/dcm4chee-2.18.1-mysql/server/default/lib/jboss-hibernate.jar, to ucl: org.jboss.mx.loading.UnifiedClassLoader3@7c5f4f6a{ url=null ,addedOrder=2}
09:40:00,585 DEBUG [RepositoryClassLoader] Added url: file:/home/capdev/workspace/capdev/CAPServer2.0/dbase/dcm4chee/dcm4chee-2.18.1-mysql/server/default/lib/commons-logging.jar, to ucl: org.jboss.mx.loading.UnifiedClassLoader3@7c5f4f6a{ url=null ,addedOrder=2}
09:40:00,586 DEBUG [RepositoryClassLoader] Added url: file:/home/capdev/workspace/capdev/CAPServer2.0/dbase/dcm4chee/dcm4chee-2.18.1-mysql/server/default/lib/jboss-transaction.jar, to ucl: org.jboss.mx.loading.UnifiedClassLoader3@7c5f4f6a{ url=null ,addedOrder=2}
09:40:00,612 DEBUG [RepositoryClassLoader] Added url: file:/home/capdev/workspace/capdev/CAPServer2.0/dbase/dcm4chee/dcm4chee-2.18.1-mysql/server/default/lib/jai_imageio.jar, to ucl: org.jboss.mx.loading.UnifiedClassLoader3@7c5f4f6a{ url=null ,addedOrder=2}
09:40:00,625 DEBUG [RepositoryClassLoader] Added url: file:/home/capdev/workspace/capdev/CAPServer2.0/dbase/dcm4chee/dcm4chee-2.18.1-mysql/server/default/lib/quartz.jar, to ucl: org.jboss.mx.loading.UnifiedClassLoader3@7c5f4f6a{ url=null ,addedOrder=2}
09:40:00,628 DEBUG [RepositoryClassLoader] Added url: file:/home/capdev/workspace/capdev/CAPServer2.0/dbase/dcm4chee/dcm4chee-2.18.1-mysql/server/default/lib/jboss-management.jar, to ucl: org.jboss.mx.loading.UnifiedClassLoader3@7c5f4f6a{ url=null ,addedOrder=2}
09:40:00,629 DEBUG [RepositoryClassLoader] Added url: file:/home/capdev/workspace/capdev/CAPServer2.0/dbase/dcm4chee/dcm4chee-2.18.1-mysql/server/default/lib/dcm4che-imageio-rle-2.0.25.jar, to ucl: org.jboss.mx.loading.UnifiedClassLoader3@7c5f4f6a{ url=null ,addedOrder=2}
09:40:00,635 DEBUG [RepositoryClassLoader] Added url: file:/home/capdev/workspace/capdev/CAPServer2.0/dbase/dcm4chee/dcm4chee-2.18.1-mysql/server/default/lib/bsf.jar, to ucl: org.jboss.mx.loading.UnifiedClassLoader3@7c5f4f6a{ url=null ,addedOrder=2}
09:40:00,646 DEBUG [RepositoryClassLoader] Added url: file:/home/capdev/workspace/capdev/CAPServer2.0/dbase/dcm4chee/dcm4chee-2.18.1-mysql/server/default/lib/antlr.jar, to ucl: org.jboss.mx.loading.UnifiedClassLoader3@7c5f4f6a{ url=null ,addedOrder=2}
09:40:00,650 DEBUG [RepositoryClassLoader] Added url: file:/home/capdev/workspace/capdev/CAPServer2.0/dbase/dcm4chee/dcm4chee-2.18.1-mysql/server/default/lib/dcm4chee-docstore-store-1.0.3.jar, to ucl: org.jboss.mx.loading.UnifiedClassLoader3@7c5f4f6a{ url=null ,addedOrder=2}
09:40:00,653 DEBUG [RepositoryClassLoader] Added url: file:/home/capdev/workspace/capdev/CAPServer2.0/dbase/dcm4chee/dcm4chee-2.18.1-mysql/server/default/lib/jboss-common-jdbc-wrapper.jar, to ucl: org.jboss.mx.loading.UnifiedClassLoader3@7c5f4f6a{ url=null ,addedOrder=2}
09:40:00,653 DEBUG [RepositoryClassLoader] Added url: file:/home/capdev/workspace/capdev/CAPServer2.0/dbase/dcm4chee/dcm4chee-2.18.1-mysql/server/default/lib/dcm4che-soundex-2.0.25.jar, to ucl: org.jboss.mx.loading.UnifiedClassLoader3@7c5f4f6a{ url=null ,addedOrder=2}
09:40:00,659 DEBUG [RepositoryClassLoader] Added url: file:/home/capdev/workspace/capdev/CAPServer2.0/dbase/dcm4chee/dcm4chee-2.18.1-mysql/server/default/lib/dcm4che-audit-2.0.25.jar, to ucl: org.jboss.mx.loading.UnifiedClassLoader3@7c5f4f6a{ url=null ,addedOrder=2}
09:40:00,666 DEBUG [RepositoryClassLoader] Added url: file:/home/capdev/workspace/capdev/CAPServer2.0/dbase/dcm4chee/dcm4chee-2.18.1-mysql/server/default/lib/jbosssx.jar, to ucl: org.jboss.mx.loading.UnifiedClassLoader3@7c5f4f6a{ url=null ,addedOrder=2}
09:40:00,722 DEBUG [RepositoryClassLoader] Added url: file:/home/capdev/workspace/capdev/CAPServer2.0/dbase/dcm4chee/dcm4chee-2.18.1-mysql/server/default/lib/hibernate3.jar, to ucl: org.jboss.mx.loading.UnifiedClassLoader3@7c5f4f6a{ url=null ,addedOrder=2}
09:40:00,724 DEBUG [RepositoryClassLoader] Added url: file:/home/capdev/workspace/capdev/CAPServer2.0/dbase/dcm4chee/dcm4chee-2.18.1-mysql/server/default/lib/dcm4chee-audit-logger-2.17.3.jar, to ucl: org.jboss.mx.loading.UnifiedClassLoader3@7c5f4f6a{ url=null ,addedOrder=2}
09:40:00,725 DEBUG [RepositoryClassLoader] Added url: file:/home/capdev/workspace/capdev/CAPServer2.0/dbase/dcm4chee/dcm4chee-2.18.1-mysql/server/default/lib/slf4j-log4j12-1.6.1.jar, to ucl: org.jboss.mx.loading.UnifiedClassLoader3@7c5f4f6a{ url=null ,addedOrder=2}
09:40:00,727 DEBUG [RepositoryClassLoader] Added url: file:/home/capdev/workspace/capdev/CAPServer2.0/dbase/dcm4chee/dcm4chee-2.18.1-mysql/server/default/lib/jboss-jaxws-ext.jar, to ucl: org.jboss.mx.loading.UnifiedClassLoader3@7c5f4f6a{ url=null ,addedOrder=2}
09:40:00,729 DEBUG [RepositoryClassLoader] Added url: file:/home/capdev/workspace/capdev/CAPServer2.0/dbase/dcm4chee/dcm4chee-2.18.1-mysql/server/default/lib/dcm4chee-rid.jar, to ucl: org.jboss.mx.loading.UnifiedClassLoader3@7c5f4f6a{ url=null ,addedOrder=2}
09:40:00,736 DEBUG [RepositoryClassLoader] Added url: file:/home/capdev/workspace/capdev/CAPServer2.0/dbase/dcm4chee/dcm4chee-2.18.1-mysql/server/default/lib/jaxen.jar, to ucl: org.jboss.mx.loading.UnifiedClassLoader3@7c5f4f6a{ url=null ,addedOrder=2}
09:40:00,737 DEBUG [RepositoryClassLoader] Added url: file:/home/capdev/workspace/capdev/CAPServer2.0/dbase/dcm4chee/dcm4chee-2.18.1-mysql/server/default/lib/jboss-ejb3x.jar, to ucl: org.jboss.mx.loading.UnifiedClassLoader3@7c5f4f6a{ url=null ,addedOrder=2}
09:40:00,740 DEBUG [RepositoryClassLoader] Added url: file:/home/capdev/workspace/capdev/CAPServer2.0/dbase/dcm4chee/dcm4chee-2.18.1-mysql/server/default/lib/mail-plugin.jar, to ucl: org.jboss.mx.loading.UnifiedClassLoader3@7c5f4f6a{ url=null ,addedOrder=2}
09:40:00,752 DEBUG [RepositoryClassLoader] Added url: file:/home/capdev/workspace/capdev/CAPServer2.0/dbase/dcm4chee/dcm4chee-2.18.1-mysql/server/default/lib/jbossjta.jar, to ucl: org.jboss.mx.loading.UnifiedClassLoader3@7c5f4f6a{ url=null ,addedOrder=2}
09:40:00,754 DEBUG [RepositoryClassLoader] Added url: file:/home/capdev/workspace/capdev/CAPServer2.0/dbase/dcm4chee/dcm4chee-2.18.1-mysql/server/default/lib/jboss-srp.jar, to ucl: org.jboss.mx.loading.UnifiedClassLoader3@7c5f4f6a{ url=null ,addedOrder=2}
09:40:00,758 DEBUG [RepositoryClassLoader] Added url: file:/home/capdev/workspace/capdev/CAPServer2.0/dbase/dcm4chee/dcm4chee-2.18.1-mysql/server/default/lib/ejb3-persistence.jar, to ucl: org.jboss.mx.loading.UnifiedClassLoader3@7c5f4f6a{ url=null ,addedOrder=2}
09:40:00,765 DEBUG [RepositoryClassLoader] Added url: file:/home/capdev/workspace/capdev/CAPServer2.0/dbase/dcm4chee/dcm4chee-2.18.1-mysql/server/default/lib/cglib.jar, to ucl: org.jboss.mx.loading.UnifiedClassLoader3@7c5f4f6a{ url=null ,addedOrder=2}
09:40:00,774 DEBUG [RepositoryClassLoader] Added url: file:/home/capdev/workspace/capdev/CAPServer2.0/dbase/dcm4chee/dcm4chee-2.18.1-mysql/server/default/lib/dom4j.jar, to ucl: org.jboss.mx.loading.UnifiedClassLoader3@7c5f4f6a{ url=null ,addedOrder=2}
09:40:00,784 DEBUG [RepositoryClassLoader] Added url: file:/home/capdev/workspace/capdev/CAPServer2.0/dbase/dcm4chee/dcm4chee-2.18.1-mysql/server/default/lib/log4j.jar, to ucl: org.jboss.mx.loading.UnifiedClassLoader3@7c5f4f6a{ url=null ,addedOrder=2}
09:40:00,796 DEBUG [RepositoryClassLoader] Added url: file:/home/capdev/workspace/capdev/CAPServer2.0/dbase/dcm4chee/dcm4chee-2.18.1-mysql/server/default/lib/jboss-j2ee.jar, to ucl: org.jboss.mx.loading.UnifiedClassLoader3@7c5f4f6a{ url=null ,addedOrder=2}
09:40:00,802 DEBUG [RepositoryClassLoader] Added url: file:/home/capdev/workspace/capdev/CAPServer2.0/dbase/dcm4chee/dcm4chee-2.18.1-mysql/server/default/lib/bsh.jar, to ucl: org.jboss.mx.loading.UnifiedClassLoader3@7c5f4f6a{ url=null ,addedOrder=2}
09:40:00,803 DEBUG [RepositoryClassLoader] Added url: file:/home/capdev/workspace/capdev/CAPServer2.0/dbase/dcm4chee/dcm4chee-2.18.1-mysql/server/default/lib/slf4j-api-1.6.1.jar, to ucl: org.jboss.mx.loading.UnifiedClassLoader3@7c5f4f6a{ url=null ,addedOrder=2}
09:40:00,804 DEBUG [RepositoryClassLoader] Added url: file:/home/capdev/workspace/capdev/CAPServer2.0/dbase/dcm4chee/dcm4chee-2.18.1-mysql/server/default/lib/jmx-adaptor-plugin.jar, to ucl: org.jboss.mx.loading.UnifiedClassLoader3@7c5f4f6a{ url=null ,addedOrder=2}
09:40:00,815 DEBUG [RepositoryClassLoader] Added url: file:/home/capdev/workspace/capdev/CAPServer2.0/dbase/dcm4chee/dcm4chee-2.18.1-mysql/server/default/lib/mail.jar, to ucl: org.jboss.mx.loading.UnifiedClassLoader3@7c5f4f6a{ url=null ,addedOrder=2}
09:40:00,817 DEBUG [RepositoryClassLoader] Added url: file:/home/capdev/workspace/capdev/CAPServer2.0/dbase/dcm4chee/dcm4chee-2.18.1-mysql/server/default/lib/jboss-monitoring.jar, to ucl: org.jboss.mx.loading.UnifiedClassLoader3@7c5f4f6a{ url=null ,addedOrder=2}
09:40:00,817 DEBUG [RepositoryClassLoader] Added url: file:/home/capdev/workspace/capdev/CAPServer2.0/dbase/dcm4chee/dcm4chee-2.18.1-mysql/server/default/lib/jboss-jsr77.jar, to ucl: org.jboss.mx.loading.UnifiedClassLoader3@7c5f4f6a{ url=null ,addedOrder=2}
09:40:00,818 DEBUG [RepositoryClassLoader] Added url: file:/home/capdev/workspace/capdev/CAPServer2.0/dbase/dcm4chee/dcm4chee-2.18.1-mysql/server/default/lib/bindingservice-plugin.jar, to ucl: org.jboss.mx.loading.UnifiedClassLoader3@7c5f4f6a{ url=null ,addedOrder=2}
09:40:00,831 DEBUG [RepositoryClassLoader] Added url: file:/home/capdev/workspace/capdev/CAPServer2.0/dbase/dcm4chee/dcm4chee-2.18.1-mysql/server/default/lib/jboss-iiop.jar, to ucl: org.jboss.mx.loading.UnifiedClassLoader3@7c5f4f6a{ url=null ,addedOrder=2}
09:40:00,832 DEBUG [RepositoryClassLoader] Added url: file:/home/capdev/workspace/capdev/CAPServer2.0/dbase/dcm4chee/dcm4chee-2.18.1-mysql/server/default/lib/autonumber-plugin.jar, to ucl: org.jboss.mx.loading.UnifiedClassLoader3@7c5f4f6a{ url=null ,addedOrder=2}
09:40:00,885 DEBUG [RepositoryClassLoader] Added url: file:/home/capdev/workspace/capdev/CAPServer2.0/dbase/dcm4chee/dcm4chee-2.18.1-mysql/server/default/lib/jboss.jar, to ucl: org.jboss.mx.loading.UnifiedClassLoader3@7c5f4f6a{ url=null ,addedOrder=2}
09:40:00,894 DEBUG [RepositoryClassLoader] Added url: file:/home/capdev/workspace/capdev/CAPServer2.0/dbase/dcm4chee/dcm4chee-2.18.1-mysql/server/default/lib/jcifs-1.3.17.jar, to ucl: org.jboss.mx.loading.UnifiedClassLoader3@7c5f4f6a{ url=null ,addedOrder=2}
09:40:00,899 DEBUG [RepositoryClassLoader] Added url: file:/home/capdev/workspace/capdev/CAPServer2.0/dbase/dcm4chee/dcm4chee-2.18.1-mysql/server/default/lib/jbossws-common.jar, to ucl: org.jboss.mx.loading.UnifiedClassLoader3@7c5f4f6a{ url=null ,addedOrder=2}
09:40:00,903 DEBUG [RepositoryClassLoader] Added url: file:/home/capdev/workspace/capdev/CAPServer2.0/dbase/dcm4chee/dcm4chee-2.18.1-mysql/server/default/lib/servlet-api.jar, to ucl: org.jboss.mx.loading.UnifiedClassLoader3@7c5f4f6a{ url=null ,addedOrder=2}
09:40:00,905 DEBUG [RepositoryClassLoader] Added url: file:/home/capdev/workspace/capdev/CAPServer2.0/dbase/dcm4chee/dcm4chee-2.18.1-mysql/server/default/lib/jbossts-common.jar, to ucl: org.jboss.mx.loading.UnifiedClassLoader3@7c5f4f6a{ url=null ,addedOrder=2}
09:40:00,907 DEBUG [RepositoryClassLoader] Added url: file:/home/capdev/workspace/capdev/CAPServer2.0/dbase/dcm4chee/dcm4chee-2.18.1-mysql/server/default/lib/jbossws-spi.jar, to ucl: org.jboss.mx.loading.UnifiedClassLoader3@7c5f4f6a{ url=null ,addedOrder=2}
09:40:00,907 DEBUG [RepositoryClassLoader] Added url: file:/home/capdev/workspace/capdev/CAPServer2.0/dbase/dcm4chee/dcm4chee-2.18.1-mysql/server/default/lib/dcm4chee-web-licenseprovider-3.0.5.jar, to ucl: org.jboss.mx.loading.UnifiedClassLoader3@7c5f4f6a{ url=null ,addedOrder=2}
09:40:00,913 DEBUG [RepositoryClassLoader] Added url: file:/home/capdev/workspace/capdev/CAPServer2.0/dbase/dcm4chee/dcm4chee-2.18.1-mysql/server/default/lib/jboss-vfs.jar, to ucl: org.jboss.mx.loading.UnifiedClassLoader3@7c5f4f6a{ url=null ,addedOrder=2}
09:40:00,922 DEBUG [RepositoryClassLoader] Added url: file:/home/capdev/workspace/capdev/CAPServer2.0/dbase/dcm4chee/dcm4chee-2.18.1-mysql/server/default/lib/dcm4che-core-2.0.28.jar, to ucl: org.jboss.mx.loading.UnifiedClassLoader3@7c5f4f6a{ url=null ,addedOrder=2}
09:40:00,923 DEBUG [RepositoryClassLoader] Added url: file:/home/capdev/workspace/capdev/CAPServer2.0/dbase/dcm4chee/dcm4chee-2.18.1-mysql/server/default/lib/el-api.jar, to ucl: org.jboss.mx.loading.UnifiedClassLoader3@7c5f4f6a{ url=null ,addedOrder=2}
09:40:00,925 DEBUG [RepositoryClassLoader] Added url: file:/home/capdev/workspace/capdev/CAPServer2.0/dbase/dcm4chee/dcm4chee-2.18.1-mysql/server/default/lib/avalon-framework-4.2.0.jar, to ucl: org.jboss.mx.loading.UnifiedClassLoader3@7c5f4f6a{ url=null ,addedOrder=2}
09:40:00,929 DEBUG [RepositoryClassLoader] Added url: file:/home/capdev/workspace/capdev/CAPServer2.0/dbase/dcm4chee/dcm4chee-2.18.1-mysql/server/default/lib/clibwrapper_jiio.jar, to ucl: org.jboss.mx.loading.UnifiedClassLoader3@7c5f4f6a{ url=null ,addedOrder=2}
09:40:00,934 DEBUG [RepositoryClassLoader] Added url: file:/home/capdev/workspace/capdev/CAPServer2.0/dbase/dcm4chee/dcm4chee-2.18.1-mysql/server/default/lib/jboss-serialization.jar, to ucl: org.jboss.mx.loading.UnifiedClassLoader3@7c5f4f6a{ url=null ,addedOrder=2}
09:40:00,938 DEBUG [RepositoryClassLoader] Added url: file:/home/capdev/workspace/capdev/CAPServer2.0/dbase/dcm4chee/dcm4chee-2.18.1-mysql/server/default/lib/joesnmp.jar, to ucl: org.jboss.mx.loading.UnifiedClassLoader3@7c5f4f6a{ url=null ,addedOrder=2}
09:40:00,939 DEBUG [RepositoryClassLoader] Added url: file:/home/capdev/workspace/capdev/CAPServer2.0/dbase/dcm4chee/dcm4chee-2.18.1-mysql/server/default/lib/xhl7.jar, to ucl: org.jboss.mx.loading.UnifiedClassLoader3@7c5f4f6a{ url=null ,addedOrder=2}
09:40:00,940 DEBUG [RepositoryClassLoader] Added url: file:/home/capdev/workspace/capdev/CAPServer2.0/dbase/dcm4chee/dcm4chee-2.18.1-mysql/server/default/lib/jboss-remoting-int.jar, to ucl: org.jboss.mx.loading.UnifiedClassLoader3@7c5f4f6a{ url=null ,addedOrder=2}
09:40:00,959 DEBUG [RepositoryClassLoader] Added url: file:/home/capdev/workspace/capdev/CAPServer2.0/dbase/dcm4chee/dcm4chee-2.18.1-mysql/server/default/lib/jboss-remoting.jar, to ucl: org.jboss.mx.loading.UnifiedClassLoader3@7c5f4f6a{ url=null ,addedOrder=2}
09:40:00,960 DEBUG [RepositoryClassLoader] Added url: file:/home/capdev/workspace/capdev/CAPServer2.0/dbase/dcm4chee/dcm4chee-2.18.1-mysql/server/default/lib/xmlentitymgr.jar, to ucl: org.jboss.mx.loading.UnifiedClassLoader3@7c5f4f6a{ url=null ,addedOrder=2}
09:40:00,962 DEBUG [RepositoryClassLoader] Added url: file:/home/capdev/workspace/capdev/CAPServer2.0/dbase/dcm4chee/dcm4chee-2.18.1-mysql/server/default/lib/jboss-jaxrpc.jar, to ucl: org.jboss.mx.loading.UnifiedClassLoader3@7c5f4f6a{ url=null ,addedOrder=2}
09:40:00,969 DEBUG [RepositoryClassLoader] Added url: file:/home/capdev/workspace/capdev/CAPServer2.0/dbase/dcm4chee/dcm4chee-2.18.1-mysql/server/default/lib/jboss-jca.jar, to ucl: org.jboss.mx.loading.UnifiedClassLoader3@7c5f4f6a{ url=null ,addedOrder=2}
09:40:00,972 DEBUG [RepositoryClassLoader] Added url: file:/home/capdev/workspace/capdev/CAPServer2.0/dbase/dcm4chee/dcm4chee-2.18.1-mysql/server/default/lib/dcm4chee-wado.jar, to ucl: org.jboss.mx.loading.UnifiedClassLoader3@7c5f4f6a{ url=null ,addedOrder=2}
09:40:00,973 DEBUG [RepositoryClassLoader] Added url: file:/home/capdev/workspace/capdev/CAPServer2.0/dbase/dcm4chee/dcm4chee-2.18.1-mysql/server/default/lib/log4j-snmp-appender.jar, to ucl: org.jboss.mx.loading.UnifiedClassLoader3@7c5f4f6a{ url=null ,addedOrder=2}
09:40:00,979 DEBUG [RepositoryClassLoader] Added url: file:/home/capdev/workspace/capdev/CAPServer2.0/dbase/dcm4chee/dcm4chee-2.18.1-mysql/server/default/lib/jsch-0.1.49.jar, to ucl: org.jboss.mx.loading.UnifiedClassLoader3@7c5f4f6a{ url=null ,addedOrder=2}
09:40:00,980 DEBUG [RepositoryClassLoader] Added url: file:/home/capdev/workspace/capdev/CAPServer2.0/dbase/dcm4chee/dcm4chee-2.18.1-mysql/server/default/lib/scheduler-plugin-example.jar, to ucl: org.jboss.mx.loading.UnifiedClassLoader3@7c5f4f6a{ url=null ,addedOrder=2}
09:40:00,982 DEBUG [RepositoryClassLoader] Added url: file:/home/capdev/workspace/capdev/CAPServer2.0/dbase/dcm4chee/dcm4chee-2.18.1-mysql/server/default/lib/jboss-jaxws.jar, to ucl: org.jboss.mx.loading.UnifiedClassLoader3@7c5f4f6a{ url=null ,addedOrder=2}
09:40:00,983 DEBUG [RepositoryClassLoader] Added url: file:/home/capdev/workspace/capdev/CAPServer2.0/dbase/dcm4chee/dcm4chee-2.18.1-mysql/server/default/lib/scheduler-plugin.jar, to ucl: org.jboss.mx.loading.UnifiedClassLoader3@7c5f4f6a{ url=null ,addedOrder=2}
09:40:00,995 DEBUG [RepositoryClassLoader] Added url: file:/home/capdev/workspace/capdev/CAPServer2.0/dbase/dcm4chee/dcm4chee-2.18.1-mysql/server/default/lib/hibernate-annotations.jar, to ucl: org.jboss.mx.loading.UnifiedClassLoader3@7c5f4f6a{ url=null ,addedOrder=2}
09:40:00,998 DEBUG [RepositoryClassLoader] Added url: file:/home/capdev/workspace/capdev/CAPServer2.0/dbase/dcm4chee/dcm4chee-2.18.1-mysql/server/default/lib/hibernate-entitymanager.jar, to ucl: org.jboss.mx.loading.UnifiedClassLoader3@7c5f4f6a{ url=null ,addedOrder=2}
09:40:01,000 DEBUG [RepositoryClassLoader] Added url: file:/home/capdev/workspace/capdev/CAPServer2.0/dbase/dcm4chee/dcm4chee-2.18.1-mysql/server/default/lib/jbossjta-integration.jar, to ucl: org.jboss.mx.loading.UnifiedClassLoader3@7c5f4f6a{ url=null ,addedOrder=2}
09:40:01,007 DEBUG [RepositoryClassLoader] Added url: file:/home/capdev/workspace/capdev/CAPServer2.0/dbase/dcm4chee/dcm4chee-2.18.1-mysql/server/default/lib/commons-httpclient.jar, to ucl: org.jboss.mx.loading.UnifiedClassLoader3@7c5f4f6a{ url=null ,addedOrder=2}
09:40:01,009 DEBUG [RepositoryClassLoader] Added url: file:/home/capdev/workspace/capdev/CAPServer2.0/dbase/dcm4chee/dcm4chee-2.18.1-mysql/server/default/lib/jboss-jsr88.jar, to ucl: org.jboss.mx.loading.UnifiedClassLoader3@7c5f4f6a{ url=null ,addedOrder=2}
09:40:01,009 DEBUG [RepositoryClassLoader] Added url: file:/home/capdev/workspace/capdev/CAPServer2.0/dbase/dcm4chee/dcm4chee-2.18.1-mysql/server/default/lib/properties-plugin.jar, to ucl: org.jboss.mx.loading.UnifiedClassLoader3@7c5f4f6a{ url=null ,addedOrder=2}
09:40:01,010 DEBUG [RepositoryClassLoader] Added url: file:/home/capdev/workspace/capdev/CAPServer2.0/dbase/dcm4chee/dcm4chee-2.18.1-mysql/server/default/lib/jboss-saaj.jar, to ucl: org.jboss.mx.loading.UnifiedClassLoader3@7c5f4f6a{ url=null ,addedOrder=2}
09:40:01,020 DEBUG [RepositoryClassLoader] Added url: file:/home/capdev/workspace/capdev/CAPServer2.0/dbase/dcm4chee/dcm4chee-2.18.1-mysql/server/default/lib/xmlgraphics-commons-1.3.1.jar, to ucl: org.jboss.mx.loading.UnifiedClassLoader3@7c5f4f6a{ url=null ,addedOrder=2}
09:40:01,048 DEBUG [RepositoryClassLoader] Added url: file:/home/capdev/workspace/capdev/CAPServer2.0/dbase/dcm4chee/dcm4chee-2.18.1-mysql/server/default/lib/dcm4che.jar, to ucl: org.jboss.mx.loading.UnifiedClassLoader3@7c5f4f6a{ url=null ,addedOrder=2}
09:40:01,054 DEBUG [RepositoryClassLoader] Added url: file:/home/capdev/workspace/capdev/CAPServer2.0/dbase/dcm4chee/dcm4chee-2.18.1-mysql/server/default/lib/xml-apis-ext-1.3.04.jar, to ucl: org.jboss.mx.loading.UnifiedClassLoader3@7c5f4f6a{ url=null ,addedOrder=2}
09:40:01,055 DEBUG [RepositoryClassLoader] Added url: file:/home/capdev/workspace/capdev/CAPServer2.0/dbase/dcm4chee/dcm4chee-2.18.1-mysql/server/default/lib/bsh-deployer.jar, to ucl: org.jboss.mx.loading.UnifiedClassLoader3@7c5f4f6a{ url=null ,addedOrder=2}
09:40:01,063 DEBUG [RepositoryClassLoader] Added url: file:/home/capdev/workspace/capdev/CAPServer2.0/dbase/dcm4chee/dcm4chee-2.18.1-mysql/server/default/lib/CAStorSDK-1.3.1-CS40.jar, to ucl: org.jboss.mx.loading.UnifiedClassLoader3@7c5f4f6a{ url=null ,addedOrder=2}
09:40:01,160 DEBUG [RepositoryClassLoader] Added url: file:/home/capdev/workspace/capdev/CAPServer2.0/dbase/dcm4chee/dcm4chee-2.18.1-mysql/server/default/lib/batik-all-1.7.jar, to ucl: org.jboss.mx.loading.UnifiedClassLoader3@7c5f4f6a{ url=null ,addedOrder=2}
09:40:01,215 DEBUG [RepositoryClassLoader] Added url: file:/home/capdev/workspace/capdev/CAPServer2.0/dbase/dcm4chee/dcm4chee-2.18.1-mysql/server/default/lib/fop.jar, to ucl: org.jboss.mx.loading.UnifiedClassLoader3@7c5f4f6a{ url=null ,addedOrder=2}
09:40:01,216 DEBUG [RepositoryClassLoader] Added url: file:/home/capdev/workspace/capdev/CAPServer2.0/dbase/dcm4chee/dcm4chee-2.18.1-mysql/server/default/lib/dcm4chee-audit-login-2.17.3.jar, to ucl: org.jboss.mx.loading.UnifiedClassLoader3@7c5f4f6a{ url=null ,addedOrder=2}
09:40:01,228 DEBUG [RepositoryClassLoader] Added url: file:/home/capdev/workspace/capdev/CAPServer2.0/dbase/dcm4chee/dcm4chee-2.18.1-mysql/server/default/lib/mysql-connector-java-5.0.5.jar, to ucl: org.jboss.mx.loading.UnifiedClassLoader3@7c5f4f6a{ url=null ,addedOrder=2}
09:40:01,229 DEBUG [RepositoryClassLoader] Added url: file:/home/capdev/workspace/capdev/CAPServer2.0/dbase/dcm4chee/dcm4chee-2.18.1-mysql/server/default/lib/hsqldb-plugin.jar, to ucl: org.jboss.mx.loading.UnifiedClassLoader3@7c5f4f6a{ url=null ,addedOrder=2}
09:40:01,245 DEBUG [RepositoryClassLoader] Added url: file:/home/capdev/workspace/capdev/CAPServer2.0/dbase/dcm4chee/dcm4chee-2.18.1-mysql/server/default/lib/hsqldb.jar, to ucl: org.jboss.mx.loading.UnifiedClassLoader3@7c5f4f6a{ url=null ,addedOrder=2}
09:40:01,252 DEBUG [RepositoryClassLoader] Added url: file:/home/capdev/workspace/capdev/CAPServer2.0/dbase/dcm4chee/dcm4chee-2.18.1-mysql/server/default/lib/jsp-api.jar, to ucl: org.jboss.mx.loading.UnifiedClassLoader3@7c5f4f6a{ url=null ,addedOrder=2}
09:40:01,258 DEBUG [RepositoryClassLoader] Added url: file:/home/capdev/workspace/capdev/CAPServer2.0/dbase/dcm4chee/dcm4chee-2.18.1-mysql/server/default/lib/commons-codec.jar, to ucl: org.jboss.mx.loading.UnifiedClassLoader3@7c5f4f6a{ url=null ,addedOrder=2}
09:40:01,290 DEBUG [RepositoryClassLoader] Added url: file:/home/capdev/workspace/capdev/CAPServer2.0/dbase/dcm4chee/dcm4chee-2.18.1-mysql/server/default/lib/jaxb-impl.jar, to ucl: org.jboss.mx.loading.UnifiedClassLoader3@7c5f4f6a{ url=null ,addedOrder=2}
09:40:01,290 DEBUG [MainDeployer] found 0 subpackages of file:/home/capdev/workspace/capdev/CAPServer2.0/dbase/dcm4chee/dcm4chee-2.18.1-mysql/server/default/conf/jboss-service.xml
09:40:01,292 DEBUG [MainDeployer] Watching new file: file:/home/capdev/workspace/capdev/CAPServer2.0/dbase/dcm4chee/dcm4chee-2.18.1-mysql/server/default/conf/jboss-service.xml
09:40:01,292 DEBUG [MainDeployer] create step for deployment file:/home/capdev/workspace/capdev/CAPServer2.0/dbase/dcm4chee/dcm4chee-2.18.1-mysql/server/default/conf/jboss-service.xml
09:40:01,292 DEBUG [SARDeployer] Deploying SAR, create step: url file:/home/capdev/workspace/capdev/CAPServer2.0/dbase/dcm4chee/dcm4chee-2.18.1-mysql/server/default/conf/jboss-service.xml
09:40:01,292 DEBUG [SARDeployer] Registering service UCL=jmx.loading:UCL=7c5f4f6a
09:40:01,295 DEBUG [ServiceCreator] About to create bean: jboss.management.local:j2eeType=J2EEDomain,name=Manager with code: org.jboss.management.j2ee.LocalJBossServerDomain
09:40:01,379 DEBUG [ServiceCreator] Created bean: jboss.management.local:j2eeType=J2EEDomain,name=Manager
09:40:01,382 DEBUG [ServiceConfigurator] MainDeployer set to jboss.system:service=MainDeployer in jboss.management.local:j2eeType=J2EEDomain,name=Manager
09:40:01,383 DEBUG [ServiceConfigurator] SARDeployer set to jboss.system:service=ServiceDeployer in jboss.management.local:j2eeType=J2EEDomain,name=Manager
09:40:01,383 DEBUG [ServiceConfigurator] EARDeployer set to jboss.j2ee:service=EARDeployer in jboss.management.local:j2eeType=J2EEDomain,name=Manager
09:40:01,383 DEBUG [ServiceConfigurator] EJBDeployer set to jboss.ejb:service=EJBDeployer in jboss.management.local:j2eeType=J2EEDomain,name=Manager
09:40:01,383 DEBUG [ServiceConfigurator] RARDeployer set to jboss.jca:service=RARDeployer in jboss.management.local:j2eeType=J2EEDomain,name=Manager
09:40:01,383 DEBUG [ServiceConfigurator] CMDeployer set to jboss.jca:service=ConnectionFactoryDeployer in jboss.management.local:j2eeType=J2EEDomain,name=Manager
09:40:01,384 DEBUG [ServiceConfigurator] WARDeployer set to jboss.web:service=WebServer in jboss.management.local:j2eeType=J2EEDomain,name=Manager
09:40:01,384 DEBUG [ServiceConfigurator] CARDeployer set to jboss.j2ee:service=ClientDeployer in jboss.management.local:j2eeType=J2EEDomain,name=Manager
09:40:01,384 DEBUG [ServiceConfigurator] MailService set to jboss:service=Mail in jboss.management.local:j2eeType=J2EEDomain,name=Manager
09:40:01,385 DEBUG [ServiceConfigurator] JNDIService set to jboss:service=Naming in jboss.management.local:j2eeType=J2EEDomain,name=Manager
09:40:01,385 DEBUG [ServiceConfigurator] JTAService set to jboss:service=TransactionManager in jboss.management.local:j2eeType=J2EEDomain,name=Manager
09:40:01,386 DEBUG [ServiceConfigurator] UserTransactionService set to jboss:service=ClientUserTransaction in jboss.management.local:j2eeType=J2EEDomain,name=Manager
09:40:01,386 DEBUG [ServiceConfigurator] RMI_IIOPService set to jboss:service=CorbaORB in jboss.management.local:j2eeType=J2EEDomain,name=Manager
09:40:01,386 DEBUG [ServiceCreator] About to create xmbean object: jboss:service=AttributePersistenceService with code: org.jboss.system.pm.AttributePersistenceService with descriptor: resource:xmdesc/AttributePersistenceService-xmbean.xml
09:40:01,396 DEBUG [ModelMBeanInvoker] Loaded persistence mgr: org.jboss.mx.persistence.ObjectStreamPersistenceManager
09:40:01,396 DEBUG [ObjectStreamPersistenceManager] load, resource:org.jboss.system.pm.AttributePersistenceService@2d388d5a
09:40:01,396 DEBUG [ObjectStreamPersistenceManager] Store file is: /home/capdev/workspace/capdev/CAPServer2.0/dbase/dcm4chee/dcm4chee-2.18.1-mysql/server/default/data/xmbean-attrs/AttributePersistenceService.ser
09:40:01,396 DEBUG [ServiceCreator] Created bean: jboss:service=AttributePersistenceService
09:40:01,396 DEBUG [ServiceCreator] About to create bean: jboss.system:service=ThreadPool with code: org.jboss.util.threadpool.BasicThreadPool
09:40:01,411 DEBUG [ServiceCreator] Created bean: jboss.system:service=ThreadPool
09:40:01,412 DEBUG [ServiceConfigurator] Name set to JBoss System Threads in jboss.system:service=ThreadPool
09:40:01,413 DEBUG [ServiceConfigurator] ThreadGroupName set to System Threads in jboss.system:service=ThreadPool
09:40:01,413 DEBUG [ServiceConfigurator] KeepAliveTime set to 60000 in jboss.system:service=ThreadPool
09:40:01,413 DEBUG [ServiceConfigurator] MaximumPoolSize set to 10 in jboss.system:service=ThreadPool
09:40:01,413 DEBUG [ServiceConfigurator] MaximumQueueSize set to 1000 in jboss.system:service=ThreadPool
09:40:01,414 DEBUG [ServiceConfigurator] BlockingMode set to run in jboss.system:service=ThreadPool
09:40:01,414 DEBUG [ServiceCreator] About to create xmbean object: jboss.system:type=Log4jService,service=Logging with code: org.jboss.logging.Log4jService with descriptor: resource:xmdesc/Log4jService-xmbean.xml
09:40:01,427 DEBUG [ServiceCreator] Created bean: jboss.system:type=Log4jService,service=Logging
09:40:01,428 DEBUG [ServiceConfigurator] ConfigurationURL set to resource:jboss-log4j.xml in jboss.system:type=Log4jService,service=Logging
09:40:01,428 DEBUG [ServiceConfigurator] Log4jQuietMode set to true in jboss.system:type=Log4jService,service=Logging
09:40:01,428 DEBUG [ServiceConfigurator] RefreshPeriod set to 60 in jboss.system:type=Log4jService,service=Logging
09:40:01,428 DEBUG [ServiceCreator] About to create bean: jboss.monitor:service=ActiveAlarmTable with code: org.jboss.monitor.services.ActiveAlarmTable
09:40:01,441 DEBUG [ServiceCreator] Created bean: jboss.monitor:service=ActiveAlarmTable
09:40:01,447 DEBUG [ServiceConfigurator] SubscriptionList set to [subscription-list: null] in jboss.monitor:service=ActiveAlarmTable
09:40:01,447 DEBUG [ServiceCreator] About to create bean: jboss.rmi:type=RMIClassLoader with code: org.jboss.util.property.jmx.SystemPropertyClassValue
09:40:01,448 DEBUG [ServiceCreator] Created bean: jboss.rmi:type=RMIClassLoader
09:40:01,448 DEBUG [ServiceConfigurator] Property set to java.rmi.server.RMIClassLoaderSpi in jboss.rmi:type=RMIClassLoader
09:40:01,448 DEBUG [ServiceConfigurator] ClassName set to org.jboss.system.JBossRMIClassLoader in jboss.rmi:type=RMIClassLoader
09:40:01,448 DEBUG [ServiceCreator] About to create bean: jboss:service=WebService with code: org.jboss.web.WebService
09:40:01,455 DEBUG [ServiceCreator] Created bean: jboss:service=WebService
09:40:01,456 DEBUG [ServiceConfigurator] BindAddress set to 0.0.0.0 in jboss:service=WebService
09:40:01,456 DEBUG [ServiceConfigurator] Port set to 8083 in jboss:service=WebService
09:40:01,456 DEBUG [ServiceConfigurator] Host set to capdev-VirtualBox in jboss:service=WebService
09:40:01,456 DEBUG [ServiceConfigurator] DownloadServerClasses set to true in jboss:service=WebService
09:40:01,457 DEBUG [ServiceConfigurator] DownloadResources set to false in jboss:service=WebService
09:40:01,457 DEBUG [ServiceController] recording that jboss:service=WebService depends on jboss.system:service=ThreadPool
09:40:01,457 DEBUG [ServiceConfigurator] considering ThreadPool with object name jboss.system:service=ThreadPool
09:40:01,458 DEBUG [ServiceCreator] About to create xmbean object: jboss:service=NamingBeanImpl with code: org.jnp.server.NamingBeanImpl with descriptor: resource:xmdesc/NamingBean-xmbean.xml
09:40:01,462 DEBUG [ServiceCreator] Created bean: jboss:service=NamingBeanImpl
09:40:01,462 DEBUG [ServiceCreator] About to create xmbean object: jboss:service=Naming with code: org.jboss.naming.NamingService with descriptor: resource:xmdesc/NamingService-xmbean.xml
09:40:01,472 DEBUG [ModelMBeanInvoker] Ignoring obsolete legacy interceptor: org.jboss.mx.interceptor.PersistenceInterceptor2
09:40:01,472 DEBUG [ModelMBeanInvoker] Ignoring obsolete legacy interceptor: org.jboss.mx.interceptor.ModelMBeanInterceptor
09:40:01,472 DEBUG [ModelMBeanInvoker] Ignoring obsolete legacy interceptor: org.jboss.mx.interceptor.ObjectReferenceInterceptor
09:40:01,472 DEBUG [ServiceCreator] Created bean: jboss:service=Naming
09:40:01,473 DEBUG [ServiceConfigurator] CallByValue set to false in jboss:service=Naming
09:40:01,473 DEBUG [ServiceConfigurator] Port set to 1099 in jboss:service=Naming
09:40:01,473 DEBUG [ServiceConfigurator] BindAddress set to 0.0.0.0 in jboss:service=Naming
09:40:01,473 DEBUG [ServiceConfigurator] RmiPort set to 1098 in jboss:service=Naming
09:40:01,473 DEBUG [ServiceConfigurator] RmiBindAddress set to 0.0.0.0 in jboss:service=Naming
09:40:01,473 DEBUG [ServiceController] recording that jboss:service=Naming depends on jboss.system:service=ThreadPool
09:40:01,473 DEBUG [ServiceConfigurator] considering LookupPool with object name jboss.system:service=ThreadPool
09:40:01,475 DEBUG [ServiceController] recording that jboss:service=Naming depends on jboss:service=NamingBeanImpl
09:40:01,475 DEBUG [ServiceConfigurator] considering Naming with object name jboss:service=NamingBeanImpl
09:40:01,475 DEBUG [ServiceCreator] About to create xmbean object: jboss:service=JNDIView with code: org.jboss.naming.JNDIView with descriptor: resource:xmdesc/JNDIView-xmbean.xml
09:40:01,482 DEBUG [ServiceCreator] Created bean: jboss:service=JNDIView
09:40:01,482 DEBUG [ServiceConfigurator] HANamingService set to jboss:service=HAJNDI in jboss:service=JNDIView
09:40:01,482 DEBUG [ServiceCreator] About to create bean: jboss.security:service=SecurityConfig with code: org.jboss.security.plugins.SecurityConfig
09:40:01,485 DEBUG [ServiceCreator] Created bean: jboss.security:service=SecurityConfig
09:40:01,485 DEBUG [ServiceConfigurator] LoginConfig set to jboss.security:service=XMLLoginConfig in jboss.security:service=SecurityConfig
09:40:01,486 DEBUG [ServiceCreator] About to create bean: jboss.security:service=XMLLoginConfig with code: org.jboss.security.auth.login.XMLLoginConfig
09:40:01,490 DEBUG [ServiceCreator] Created bean: jboss.security:service=XMLLoginConfig
09:40:01,491 DEBUG [ServiceConfigurator] ConfigResource set to login-config.xml in jboss.security:service=XMLLoginConfig
09:40:01,491 DEBUG [ServiceCreator] About to create bean: jboss.security:service=JaasSecurityManager with code: org.jboss.security.plugins.JaasSecurityManagerService
09:40:01,497 DEBUG [ServiceCreator] Created bean: jboss.security:service=JaasSecurityManager
09:40:01,498 DEBUG [ServiceConfigurator] ServerMode set to true in jboss.security:service=JaasSecurityManager
09:40:01,498 DEBUG [ServiceConfigurator] SecurityManagerClassName set to org.jboss.security.plugins.JaasSecurityManager in jboss.security:service=JaasSecurityManager
09:40:01,498 DEBUG [ServiceConfigurator] DefaultUnauthenticatedPrincipal set to anonymous in jboss.security:service=JaasSecurityManager
09:40:01,498 DEBUG [ServiceConfigurator] DefaultCacheTimeout set to 1800 in jboss.security:service=JaasSecurityManager
09:40:01,498 DEBUG [ServiceConfigurator] DefaultCacheResolution set to 60 in jboss.security:service=JaasSecurityManager
09:40:01,498 DEBUG [ServiceConfigurator] DeepCopySubjectMode set to false in jboss.security:service=JaasSecurityManager
09:40:01,498 DEBUG [JaasSecurityManagerService] setDeepCopySubjectMode=false
09:40:01,498 DEBUG [ServiceCreator] About to create bean: jboss:service=XidFactory with code: org.jboss.tm.XidFactory
09:40:01,500 DEBUG [ServiceCreator] Created bean: jboss:service=XidFactory
09:40:01,500 DEBUG [ServiceCreator] About to create bean: jboss:service=TransactionManager with code: com.arjuna.ats.jbossatx.jta.TransactionManagerService
09:40:01,519 DEBUG [ServiceCreator] Created bean: jboss:service=TransactionManager
09:40:01,519 DEBUG [ServiceConfigurator] TransactionTimeout set to 300 in jboss:service=TransactionManager
09:40:01,519 DEBUG [ServiceConfigurator] ObjectStoreDir set to /home/capdev/workspace/capdev/CAPServer2.0/dbase/dcm4chee/dcm4chee-2.18.1-mysql/server/default/data/tx-object-store in jboss:service=TransactionManager
09:40:01,519 DEBUG [ServiceCreator] About to create xmbean object: jboss:service=ClientUserTransaction with code: org.jboss.tm.usertx.server.ClientUserTransactionService with descriptor: resource:xmdesc/ClientUserTransaction-xmbean.xml
09:40:01,523 DEBUG [ServiceCreator] Created bean: jboss:service=ClientUserTransaction
09:40:01,523 DEBUG [ServiceCreator] About to create bean: jboss:service=proxyFactory,target=ClientUserTransactionFactory with code: org.jboss.invocation.jrmp.server.JRMPProxyFactory
09:40:01,525 DEBUG [ServiceCreator] Created bean: jboss:service=proxyFactory,target=ClientUserTransactionFactory
09:40:01,525 DEBUG [ServiceConfigurator] InvokerName set to jboss:service=invoker,type=unified in jboss:service=proxyFactory,target=ClientUserTransactionFactory
09:40:01,525 DEBUG [ServiceConfigurator] TargetName set to jboss:service=ClientUserTransaction in jboss:service=proxyFactory,target=ClientUserTransactionFactory
09:40:01,525 DEBUG [ServiceConfigurator] JndiName set to UserTransactionSessionFactory in jboss:service=proxyFactory,target=ClientUserTransactionFactory
09:40:01,526 DEBUG [ServiceConfigurator] ExportedInterface set to interface org.jboss.tm.usertx.interfaces.UserTransactionSessionFactory in jboss:service=proxyFactory,target=ClientUserTransactionFactory
09:40:01,527 DEBUG [ServiceConfigurator] ClientInterceptors set to [interceptors: null] in jboss:service=proxyFactory,target=ClientUserTransactionFactory
09:40:01,528 DEBUG [JRMPProxyFactory] added interceptor type: class org.jboss.proxy.ClientMethodInterceptor
09:40:01,528 DEBUG [JRMPProxyFactory] added interceptor type: class org.jboss.invocation.InvokerInterceptor
09:40:01,528 DEBUG [ServiceController] recording that jboss:service=proxyFactory,target=ClientUserTransactionFactory depends on jboss:service=invoker,type=unified
09:40:01,528 DEBUG [ServiceConfigurator] considering <anonymous> with object name jboss:service=invoker,type=unified
09:40:01,528 DEBUG [ServiceController] recording that jboss:service=ClientUserTransaction depends on jboss:service=proxyFactory,target=ClientUserTransactionFactory
09:40:01,528 DEBUG [ServiceConfigurator] considering <anonymous> with object name jboss:service=proxyFactory,target=ClientUserTransactionFactory
09:40:01,529 DEBUG [ServiceCreator] About to create bean: jboss:service=proxyFactory,target=ClientUserTransaction with code: org.jboss.invocation.jrmp.server.JRMPProxyFactory
09:40:01,530 DEBUG [ServiceCreator] Created bean: jboss:service=proxyFactory,target=ClientUserTransaction
09:40:01,531 DEBUG [ServiceConfigurator] InvokerName set to jboss:service=invoker,type=unified in jboss:service=proxyFactory,target=ClientUserTransaction
09:40:01,531 DEBUG [ServiceConfigurator] TargetName set to jboss:service=ClientUserTransaction in jboss:service=proxyFactory,target=ClientUserTransaction
09:40:01,532 DEBUG [ServiceConfigurator] ExportedInterface set to interface org.jboss.tm.usertx.interfaces.UserTransactionSession in jboss:service=proxyFactory,target=ClientUserTransaction
09:40:01,533 DEBUG [ServiceConfigurator] ClientInterceptors set to [interceptors: null] in jboss:service=proxyFactory,target=ClientUserTransaction
09:40:01,533 DEBUG [JRMPProxyFactory] added interceptor type: class org.jboss.proxy.ClientMethodInterceptor
09:40:01,533 DEBUG [JRMPProxyFactory] added interceptor type: class org.jboss.invocation.InvokerInterceptor
09:40:01,533 DEBUG [ServiceController] recording that jboss:service=proxyFactory,target=ClientUserTransaction depends on jboss:service=invoker,type=unified
09:40:01,533 DEBUG [ServiceConfigurator] considering <anonymous> with object name jboss:service=invoker,type=unified
09:40:01,533 DEBUG [ServiceController] recording that jboss:service=ClientUserTransaction depends on jboss:service=proxyFactory,target=ClientUserTransaction
09:40:01,533 DEBUG [ServiceConfigurator] considering TxProxyName with object name jboss:service=proxyFactory,target=ClientUserTransaction
09:40:01,534 DEBUG [ServiceCreator] About to create bean: jboss:service=invoker,type=unified with code: org.jboss.invocation.unified.server.UnifiedInvoker
09:40:01,539 DEBUG [ServiceCreator] Created bean: jboss:service=invoker,type=unified
09:40:01,539 DEBUG [ServiceController] recording that jboss:service=invoker,type=unified depends on jboss:service=TransactionManager
09:40:01,539 DEBUG [ServiceConfigurator] considering <anonymous> with object name jboss:service=TransactionManager
09:40:01,539 DEBUG [ServiceController] recording that jboss:service=invoker,type=unified depends on jboss.remoting:service=Connector,transport=socket
09:40:01,539 DEBUG [ServiceConfigurator] considering <anonymous> with object name jboss.remoting:service=Connector,transport=socket
09:40:01,539 DEBUG [ServiceCreator] About to create bean: jboss:service=invoker,type=jrmp with code: org.jboss.invocation.jrmp.server.JRMPInvoker
09:40:01,547 DEBUG [ServiceCreator] Created bean: jboss:service=invoker,type=jrmp
09:40:01,547 DEBUG [ServiceConfigurator] RMIObjectPort set to 4444 in jboss:service=invoker,type=jrmp
09:40:01,547 DEBUG [ServiceConfigurator] ServerAddress set to 0.0.0.0 in jboss:service=invoker,type=jrmp
09:40:01,547 DEBUG [ServiceController] recording that jboss:service=invoker,type=jrmp depends on jboss:service=TransactionManager
09:40:01,547 DEBUG [ServiceConfigurator] considering <anonymous> with object name jboss:service=TransactionManager
09:40:01,547 DEBUG [ServiceCreator] About to create bean: jboss:service=invoker,type=local with code: org.jboss.invocation.local.LocalInvoker
09:40:01,548 DEBUG [ServiceCreator] Created bean: jboss:service=invoker,type=local
09:40:01,548 DEBUG [ServiceController] recording that jboss:service=invoker,type=local depends on jboss:service=TransactionManager
09:40:01,548 DEBUG [ServiceConfigurator] considering <anonymous> with object name jboss:service=TransactionManager
09:40:01,549 DEBUG [ServiceCreator] About to create bean: jboss:service=invoker,type=pooled with code: org.jboss.invocation.pooled.server.PooledInvoker
09:40:01,552 DEBUG [ServiceCreator] Created bean: jboss:service=invoker,type=pooled
09:40:01,552 DEBUG [ServiceConfigurator] NumAcceptThreads set to 1 in jboss:service=invoker,type=pooled
09:40:01,552 DEBUG [ServiceConfigurator] MaxPoolSize set to 300 in jboss:service=invoker,type=pooled
09:40:01,552 DEBUG [ServiceConfigurator] ClientMaxPoolSize set to 300 in jboss:service=invoker,type=pooled
09:40:01,552 DEBUG [ServiceConfigurator] SocketTimeout set to 60000 in jboss:service=invoker,type=pooled
09:40:01,552 DEBUG [ServiceConfigurator] ServerBindAddress set to 0.0.0.0 in jboss:service=invoker,type=pooled
09:40:01,552 DEBUG [ServiceConfigurator] ServerBindPort set to 4445 in jboss:service=invoker,type=pooled
09:40:01,553 DEBUG [ServiceConfigurator] ClientConnectAddress set to 0.0.0.0 in jboss:service=invoker,type=pooled
09:40:01,553 DEBUG [ServiceConfigurator] ClientConnectPort set to 0 in jboss:service=invoker,type=pooled
09:40:01,553 DEBUG [ServiceConfigurator] ClientRetryCount set to 1 in jboss:service=invoker,type=pooled
09:40:01,553 DEBUG [ServiceConfigurator] EnableTcpNoDelay set to false in jboss:service=invoker,type=pooled
09:40:01,553 DEBUG [ServiceController] recording that jboss:service=invoker,type=pooled depends on jboss:service=TransactionManager
09:40:01,553 DEBUG [ServiceConfigurator] considering TransactionManagerService with object name jboss:service=TransactionManager
09:40:01,553 DEBUG [ServiceCreator] About to create bean: jboss.remoting:service=NetworkRegistry with code: org.jboss.remoting.network.NetworkRegistry
09:40:01,557 DEBUG [ServiceCreator] Created bean: jboss.remoting:service=NetworkRegistry
09:40:01,557 DEBUG [ServiceCreator] About to create bean: jboss.remoting:service=Connector,transport=socket with code: org.jboss.remoting.transport.Connector
09:40:01,559 DEBUG [ServiceCreator] Created bean: jboss.remoting:service=Connector,transport=socket
09:40:01,560 DEBUG [ServiceConfigurator] Configuration set to [config: null] in jboss.remoting:service=Connector,transport=socket
09:40:01,560 DEBUG [ServiceController] recording that jboss.remoting:service=Connector,transport=socket depends on jboss.remoting:service=NetworkRegistry
09:40:01,560 DEBUG [ServiceConfigurator] considering <anonymous> with object name jboss.remoting:service=NetworkRegistry
09:40:01,560 DEBUG [ServiceCreator] About to create bean: jboss.jdbc:service=metadata with code: org.jboss.ejb.plugins.cmp.jdbc.metadata.MetaDataLibrary
09:40:01,562 DEBUG [ServiceCreator] Created bean: jboss.jdbc:service=metadata
09:40:01,562 DEBUG [ServiceCreator] About to create bean: jboss.deployment:type=DeploymentScanner,flavor=URL with code: org.jboss.deployment.scanner.URLDeploymentScanner
09:40:01,565 DEBUG [ServiceCreator] Created bean: jboss.deployment:type=DeploymentScanner,flavor=URL
09:40:01,565 DEBUG [ServiceController] recording that jboss.deployment:type=DeploymentScanner,flavor=URL depends on jboss.system:service=MainDeployer
09:40:01,565 DEBUG [ServiceConfigurator] considering Deployer with object name jboss.system:service=MainDeployer
09:40:01,565 DEBUG [ServiceConfigurator] URLComparator set to org.jboss.deployment.DeploymentSorter in jboss.deployment:type=DeploymentScanner,flavor=URL
09:40:01,567 DEBUG [ServiceConfigurator] FilterInstance set to org.jboss.deployment.scanner.DeploymentFilter@25f792a in jboss.deployment:type=DeploymentScanner,flavor=URL
09:40:01,567 DEBUG [ServiceConfigurator] ScanPeriod set to 5000 in jboss.deployment:type=DeploymentScanner,flavor=URL
09:40:01,567 DEBUG [ServiceConfigurator] ScanEnabled set to true in jboss.deployment:type=DeploymentScanner,flavor=URL
09:40:01,567 DEBUG [ServiceConfigurator] URLs set to deploy/ in jboss.deployment:type=DeploymentScanner,flavor=URL
09:40:01,567 DEBUG [URLDeploymentScanner] Adding URL from spec: deploy/
09:40:01,567 DEBUG [URLDeploymentScanner] URL: file:/home/capdev/workspace/capdev/CAPServer2.0/dbase/dcm4chee/dcm4chee-2.18.1-mysql/server/default/deploy/
09:40:01,567 DEBUG [URLDeploymentScanner] Added url: file:/home/capdev/workspace/capdev/CAPServer2.0/dbase/dcm4chee/dcm4chee-2.18.1-mysql/server/default/deploy/
09:40:01,567 DEBUG [URLDeploymentScanner] URL list: [file:/home/capdev/workspace/capdev/CAPServer2.0/dbase/dcm4chee/dcm4chee-2.18.1-mysql/server/default/deploy/]
09:40:01,568 DEBUG [ServiceConfigurator] RecursiveSearch set to true in jboss.deployment:type=DeploymentScanner,flavor=URL
09:40:01,568 DEBUG [ServiceController] Creating service jboss.management.local:j2eeType=J2EEDomain,name=Manager
09:40:01,568 DEBUG [LocalJBossServerDomain] Creating jboss.management.local:j2eeType=J2EEDomain,name=Manager
09:40:01,568 DEBUG [LocalJBossServerDomain] setupJ2EEMBeans(), create J2EEServer instance
09:40:01,570 DEBUG [J2EEDomain] ctor, name: jboss.management.local:name=jboss.management.local,j2eeType=J2EEDomain
09:40:01,576 DEBUG [J2EEDomain] postRegister(), parent: null
09:40:01,578 DEBUG [J2EEServer] postRegister(), parent: jboss.management.local:j2eeType=J2EEDomain,name=jboss.management.local
09:40:01,582 DEBUG [JVM] postRegister(), parent: jboss.management.local:j2eeType=J2EEServer,name=Local
09:40:01,585 DEBUG [LocalJBossServerDomain] Registered as listener of: jboss.system:service=ServiceController
09:40:01,589 DEBUG [LocalJBossServerDomain] Registering with all deployers, mainDeployer=jboss.system:service=MainDeployer
09:40:01,590 DEBUG [LocalJBossServerDomain] Getting current deployers
09:40:01,590 DEBUG [LocalJBossServerDomain] Registering as listener of deployer: jboss.system:service=ServiceDeployer
09:40:01,590 DEBUG [LocalJBossServerDomain] Registering as listener of deployer: jboss.system:service=JARDeployer
09:40:01,590 DEBUG [LocalJBossServerDomain] Created jboss.management.local:j2eeType=J2EEDomain,name=Manager
09:40:01,590 DEBUG [LocalJBossServerDomain] handleNotification: javax.management.Notification[source=jboss.system:service=ServiceController][type=org.jboss.system.ServiceMBean.create][message=]
09:40:01,590 DEBUG [DefaultManagedObjectFactoryMap] Failed to find factory for event: javax.management.Notification[source=jboss.system:service=ServiceController][type=org.jboss.system.ServiceMBean.create][message=]
09:40:01,590 DEBUG [ServiceController] Creating dependent components for: jboss.management.local:j2eeType=J2EEDomain,name=Manager dependents are: []
09:40:01,590 DEBUG [ServiceController] Creating service jboss:service=AttributePersistenceService
09:40:01,590 DEBUG [AttributePersistenceService] Creating jboss:service=AttributePersistenceService
09:40:01,590 DEBUG [AttributePersistenceService] Created jboss:service=AttributePersistenceService
09:40:01,590 DEBUG [LocalJBossServerDomain] handleNotification: javax.management.Notification[source=jboss.system:service=ServiceController][type=org.jboss.system.ServiceMBean.create][message=]
09:40:01,590 DEBUG [DefaultManagedObjectFactoryMap] Failed to find factory for event: javax.management.Notification[source=jboss.system:service=ServiceController][type=org.jboss.system.ServiceMBean.create][message=]
09:40:01,590 DEBUG [ServiceController] Creating dependent components for: jboss:service=AttributePersistenceService dependents are: []
09:40:01,590 DEBUG [ServiceController] Creating service jboss.system:service=ThreadPool
09:40:01,590 DEBUG [LocalJBossServerDomain] handleNotification: javax.management.Notification[source=jboss.system:service=ServiceController][type=org.jboss.system.ServiceMBean.create][message=]
09:40:01,590 DEBUG [DefaultManagedObjectFactoryMap] Failed to find factory for event: javax.management.Notification[source=jboss.system:service=ServiceController][type=org.jboss.system.ServiceMBean.create][message=]
09:40:01,590 DEBUG [ServiceController] Creating dependent components for: jboss.system:service=ThreadPool dependents are: [ObjectName: jboss:service=WebService
  State: CONFIGURED
  I Depend On:
    jboss.system:service=ThreadPool
, ObjectName: jboss:service=Naming
  State: CONFIGURED
  I Depend On:
    jboss.system:service=ThreadPool
    jboss:service=NamingBeanImpl
]
09:40:01,590 DEBUG [ServiceController] Creating service jboss:service=WebService
09:40:01,590 DEBUG [WebService] Creating jboss:service=WebService
09:40:01,590 INFO  [WebService] Using RMI server codebase: http://capdev-VirtualBox:8083/
09:40:01,590 DEBUG [WebService] Created jboss:service=WebService
09:40:01,590 DEBUG [LocalJBossServerDomain] handleNotification: javax.management.Notification[source=jboss.system:service=ServiceController][type=org.jboss.system.ServiceMBean.create][message=]
09:40:01,590 DEBUG [DefaultManagedObjectFactoryMap] Failed to find factory for event: javax.management.Notification[source=jboss.system:service=ServiceController][type=org.jboss.system.ServiceMBean.create][message=]
09:40:01,590 DEBUG [ServiceController] Creating dependent components for: jboss:service=WebService dependents are: []
09:40:01,590 DEBUG [ServiceController] Creating service jboss:service=Naming
09:40:01,590 DEBUG [ServiceController] waiting in create of jboss:service=Naming waiting on jboss:service=NamingBeanImpl
09:40:01,590 DEBUG [ServiceController] Creating service jboss.system:type=Log4jService,service=Logging
09:40:01,590 DEBUG [Log4jService] Creating jboss.system:type=Log4jService,service=Logging
09:40:01,591 INFO  [Log4jService$URLWatchTimerTask] Configuring from URL: resource:jboss-log4j.xml
